[17:11:24][dataset.py]Heterogeneous: True, Non-i.i.d Level: 0.4, Train Batch Size: 128, Test Batch Size: 256
[17:12:00][dataset.py]Heterogeneous: True, Non-i.i.d Level: 0.4, Train Batch Size: 128, Test Batch Size: 256
[17:12:01][ServerComm.py]Initialization done.
[17:12:01][Server.py]Server initilization done.
[17:12:01][Client.py][Client0]: Event received(Event=132).
[17:12:01][Client.py][Client0]: is connected.
[17:12:01][ClientComm.py][Client0]: Sending introduction to the server.
[17:12:01][ServerComm.py]New connection to '('127.0.0.1', 45150)'.
[17:12:01][ClientComm.py][Client0]: Initialization done.
[17:12:01][Client.py][Client0]: Initialization done.
[17:12:01][ClientComm.py][Client0]: Receiving thread has been started.
[17:12:01][ServerComm.py]Client 'Client0' on address '('127.0.0.1', 45150)' has been successfully introduced and added to the clients' pool.
[17:12:01][Server.py]Client0 is connected.
[17:12:01][Client.py][Client1]: Event received(Event=132).
[17:12:01][Client.py][Client1]: is connected.
[17:12:01][ClientComm.py][Client1]: Sending introduction to the server.
[17:12:01][ServerComm.py]New connection to '('127.0.0.1', 45162)'.
[17:12:01][ClientComm.py][Client1]: Initialization done.
[17:12:01][ServerComm.py]Client 'Client1' on address '('127.0.0.1', 45162)' has been successfully introduced and added to the clients' pool.
[17:12:01][Client.py][Client1]: Initialization done.
[17:12:01][ClientComm.py][Client1]: Receiving thread has been started.
[17:12:01][Server.py]Client1 is connected.
[17:12:01][Client.py][Client2]: Event received(Event=132).
[17:12:01][Client.py][Client2]: is connected.
[17:12:01][ClientComm.py][Client2]: Sending introduction to the server.
[17:12:01][ServerComm.py]New connection to '('127.0.0.1', 45170)'.
[17:12:01][ClientComm.py][Client2]: Receiving thread has been started.
[17:12:01][ClientComm.py][Client2]: Initialization done.
[17:12:01][Client.py][Client2]: Initialization done.
[17:12:01][Server.py]Client2 is connected.
[17:12:01][ServerComm.py]Client 'Client2' on address '('127.0.0.1', 45170)' has been successfully introduced and added to the clients' pool.
[17:12:01][Client.py][Client3]: Event received(Event=132).
[17:12:01][Client.py][Client3]: is connected.
[17:12:01][ClientComm.py][Client3]: Sending introduction to the server.
[17:12:01][ServerComm.py]New connection to '('127.0.0.1', 45184)'.
[17:12:01][ClientComm.py][Client3]: Receiving thread has been started.
[17:12:01][ClientComm.py][Client3]: Initialization done.
[17:12:01][ServerComm.py]Client 'Client3' on address '('127.0.0.1', 45184)' has been successfully introduced and added to the clients' pool.
[17:12:01][Server.py]Client3 is connected.
[17:12:01][Client.py][Client3]: Initialization done.
[17:12:01][Client.py][Client4]: Event received(Event=132).
[17:12:01][Client.py][Client4]: is connected.
[17:12:01][ClientComm.py][Client4]: Sending introduction to the server.
[17:12:01][ServerComm.py]New connection to '('127.0.0.1', 45186)'.
[17:12:01][ClientComm.py][Client4]: Initialization done.
[17:12:01][ClientComm.py][Client4]: Receiving thread has been started.
[17:12:01][Client.py][Client4]: Initialization done.
[17:12:01][Server.py]Client4 is connected.
[17:12:01][ServerComm.py]Client 'Client4' on address '('127.0.0.1', 45186)' has been successfully introduced and added to the clients' pool.
[17:12:01][Client.py][Client5]: Event received(Event=132).
[17:12:01][Client.py][Client5]: is connected.
[17:12:01][ClientComm.py][Client5]: Sending introduction to the server.
[17:12:01][ServerComm.py]New connection to '('127.0.0.1', 45200)'.
[17:12:01][ClientComm.py][Client5]: Initialization done.
[17:12:01][ClientComm.py][Client5]: Receiving thread has been started.
[17:12:01][Server.py]Client5 is connected.
[17:12:01][Client.py][Client5]: Initialization done.
[17:12:01][ServerComm.py]Client 'Client5' on address '('127.0.0.1', 45200)' has been successfully introduced and added to the clients' pool.
[17:12:01][Client.py][Client6]: Event received(Event=132).
[17:12:01][Client.py][Client6]: is connected.
[17:12:01][ClientComm.py][Client6]: Sending introduction to the server.
[17:12:01][ServerComm.py]New connection to '('127.0.0.1', 45206)'.
[17:12:01][ClientComm.py][Client6]: Initialization done.
[17:12:01][ClientComm.py][Client6]: Receiving thread has been started.
[17:12:01][Server.py]Client6 is connected.
[17:12:01][Client.py][Client6]: Initialization done.
[17:12:01][ServerComm.py]Client 'Client6' on address '('127.0.0.1', 45206)' has been successfully introduced and added to the clients' pool.
[17:12:01][Client.py][Client7]: Event received(Event=132).
[17:12:01][Client.py][Client7]: is connected.
[17:12:01][ClientComm.py][Client7]: Sending introduction to the server.
[17:12:01][ServerComm.py]New connection to '('127.0.0.1', 45208)'.
[17:12:01][ClientComm.py][Client7]: Initialization done.
[17:12:01][ClientComm.py][Client7]: Receiving thread has been started.
[17:12:01][Client.py][Client7]: Initialization done.
[17:12:01][ServerComm.py]Client 'Client7' on address '('127.0.0.1', 45208)' has been successfully introduced and added to the clients' pool.
[17:12:01][Server.py]Client7 is connected.
[17:12:01][Client.py][Client8]: Event received(Event=132).
[17:12:01][Client.py][Client8]: is connected.
[17:12:01][ClientComm.py][Client8]: Sending introduction to the server.
[17:12:01][ServerComm.py]New connection to '('127.0.0.1', 45224)'.
[17:12:01][ClientComm.py][Client8]: Receiving thread has been started.
[17:12:01][ClientComm.py][Client8]: Initialization done.
[17:12:01][Server.py]Client8 is connected.
[17:12:01][Client.py][Client8]: Initialization done.
[17:12:01][ServerComm.py]Client 'Client8' on address '('127.0.0.1', 45224)' has been successfully introduced and added to the clients' pool.
[17:12:01][Client.py][Client9]: Event received(Event=132).
[17:12:01][Client.py][Client9]: is connected.
[17:12:01][ClientComm.py][Client9]: Sending introduction to the server.
[17:12:01][ServerComm.py]New connection to '('127.0.0.1', 45226)'.
[17:12:01][ClientComm.py][Client9]: Receiving thread has been started.
[17:12:01][ClientComm.py][Client9]: Initialization done.
[17:12:01][ServerComm.py]Client 'Client9' on address '('127.0.0.1', 45226)' has been successfully introduced and added to the clients' pool.
[17:12:01][Server.py]Client9 is connected.
[17:12:01][Client.py][Client9]: Initialization done.
[17:12:01][Client.py][Client10]: Event received(Event=132).
[17:12:01][Client.py][Client10]: is connected.
[17:12:01][ClientComm.py][Client10]: Sending introduction to the server.
[17:12:01][ClientComm.py][Client10]: Initialization done.
[17:12:01][ServerComm.py]New connection to '('127.0.0.1', 45234)'.
[17:12:01][ClientComm.py][Client10]: Receiving thread has been started.
[17:12:01][Client.py][Client10]: Initialization done.
[17:12:01][Server.py]Client10 is connected.
[17:12:01][ServerComm.py]Client 'Client10' on address '('127.0.0.1', 45234)' has been successfully introduced and added to the clients' pool.
[17:12:01][Client.py][Client11]: Event received(Event=132).
[17:12:01][Client.py][Client11]: is connected.
[17:12:01][ClientComm.py][Client11]: Sending introduction to the server.
[17:12:01][ServerComm.py]New connection to '('127.0.0.1', 45244)'.
[17:12:01][ClientComm.py][Client11]: Initialization done.
[17:12:01][ClientComm.py][Client11]: Receiving thread has been started.
[17:12:01][Client.py][Client11]: Initialization done.
[17:12:01][Server.py]Client11 is connected.
[17:12:01][ServerComm.py]Client 'Client11' on address '('127.0.0.1', 45244)' has been successfully introduced and added to the clients' pool.
[17:12:01][Client.py][Client12]: Event received(Event=132).
[17:12:01][Client.py][Client12]: is connected.
[17:12:01][ClientComm.py][Client12]: Sending introduction to the server.
[17:12:01][ServerComm.py]New connection to '('127.0.0.1', 45250)'.
[17:12:01][ClientComm.py][Client12]: Initialization done.
[17:12:01][Client.py][Client12]: Initialization done.
[17:12:01][ClientComm.py][Client12]: Receiving thread has been started.
[17:12:01][Server.py]Client12 is connected.
[17:12:01][ServerComm.py]Client 'Client12' on address '('127.0.0.1', 45250)' has been successfully introduced and added to the clients' pool.
[17:12:01][Client.py][Client13]: Event received(Event=132).
[17:12:01][Client.py][Client13]: is connected.
[17:12:01][ClientComm.py][Client13]: Sending introduction to the server.
[17:12:01][ServerComm.py]New connection to '('127.0.0.1', 45264)'.
[17:12:01][ClientComm.py][Client13]: Initialization done.
[17:12:01][ClientComm.py][Client13]: Receiving thread has been started.
[17:12:01][ServerComm.py]Client 'Client13' on address '('127.0.0.1', 45264)' has been successfully introduced and added to the clients' pool.
[17:12:01][Client.py][Client13]: Initialization done.
[17:12:01][Server.py]Client13 is connected.
[17:12:01][Client.py][Client14]: Event received(Event=132).
[17:12:01][Client.py][Client14]: is connected.
[17:12:01][ClientComm.py][Client14]: Sending introduction to the server.
[17:12:01][ServerComm.py]New connection to '('127.0.0.1', 45276)'.
[17:12:01][ClientComm.py][Client14]: Initialization done.
[17:12:01][ClientComm.py][Client14]: Receiving thread has been started.
[17:12:01][Client.py][Client14]: Initialization done.
[17:12:01][ServerComm.py]Client 'Client14' on address '('127.0.0.1', 45276)' has been successfully introduced and added to the clients' pool.
[17:12:01][Server.py]Client14 is connected.
[17:12:01][Client.py][Client15]: Event received(Event=132).
[17:12:01][Client.py][Client15]: is connected.
[17:12:01][ClientComm.py][Client15]: Sending introduction to the server.
[17:12:01][ServerComm.py]New connection to '('127.0.0.1', 45290)'.
[17:12:01][ClientComm.py][Client15]: Receiving thread has been started.
[17:12:01][ServerComm.py]Client 'Client15' on address '('127.0.0.1', 45290)' has been successfully introduced and added to the clients' pool.
[17:12:01][ClientComm.py][Client15]: Initialization done.
[17:12:01][Server.py]Client15 is connected.
[17:12:01][Client.py][Client15]: Initialization done.
[17:12:01][Client.py][Client16]: Event received(Event=132).
[17:12:01][Client.py][Client16]: is connected.
[17:12:01][ClientComm.py][Client16]: Sending introduction to the server.
[17:12:01][ClientComm.py][Client16]: Initialization done.
[17:12:01][ServerComm.py]New connection to '('127.0.0.1', 45300)'.
[17:12:01][ClientComm.py][Client16]: Receiving thread has been started.
[17:12:01][Client.py][Client16]: Initialization done.
[17:12:01][ServerComm.py]Client 'Client16' on address '('127.0.0.1', 45300)' has been successfully introduced and added to the clients' pool.
[17:12:01][Server.py]Client16 is connected.
[17:12:01][Client.py][Client17]: Event received(Event=132).
[17:12:01][Client.py][Client17]: is connected.
[17:12:01][ClientComm.py][Client17]: Sending introduction to the server.
[17:12:01][ServerComm.py]New connection to '('127.0.0.1', 45304)'.
[17:12:01][ClientComm.py][Client17]: Initialization done.
[17:12:01][ClientComm.py][Client17]: Receiving thread has been started.
[17:12:01][Client.py][Client17]: Initialization done.
[17:12:01][ServerComm.py]Client 'Client17' on address '('127.0.0.1', 45304)' has been successfully introduced and added to the clients' pool.
[17:12:01][Server.py]Client17 is connected.
[17:12:01][Client.py][Client18]: Event received(Event=132).
[17:12:01][Client.py][Client18]: is connected.
[17:12:01][ClientComm.py][Client18]: Sending introduction to the server.
[17:12:01][ServerComm.py]New connection to '('127.0.0.1', 45310)'.
[17:12:01][ClientComm.py][Client18]: Initialization done.
[17:12:01][Client.py][Client18]: Initialization done.
[17:12:01][ClientComm.py][Client18]: Receiving thread has been started.
[17:12:01][Server.py]Client18 is connected.
[17:12:01][ServerComm.py]Client 'Client18' on address '('127.0.0.1', 45310)' has been successfully introduced and added to the clients' pool.
[17:12:01][Client.py][Client19]: Event received(Event=132).
[17:12:01][Client.py][Client19]: is connected.
[17:12:01][ClientComm.py][Client19]: Sending introduction to the server.
[17:12:01][ServerComm.py]New connection to '('127.0.0.1', 45320)'.
[17:12:01][Server.py]Client19 is connected.
[17:12:01][ClientComm.py][Client19]: Receiving thread has been started.
[17:12:01][ClientComm.py][Client19]: Initialization done.
[17:12:01][ServerComm.py]Client 'Client19' on address '('127.0.0.1', 45320)' has been successfully introduced and added to the clients' pool.
[17:12:01][Client.py][Client19]: Initialization done.
[17:12:01][Server.py]Broadcasting start training command...
===================================================
[17:12:01][Server.py]Global model evaluation is started...
[17:12:04][Server.py]Global model evaluation is done...
Round 0 is starting...
Current situation:
	Accuracy: 0.13099999725818634, Loss: 2.2989768463134768
[17:12:04][Server.py]Start new round (epochs=5, lr_mileston=[100, 200], gamma=0.0001)
[17:12:04][ServerComm.py]Sending command to 'Client0'(command=2, size of data = 3)
[17:12:04][ServerComm.py]Sending command to 'Client1'(command=2, size of data = 3)
[17:12:04][ClientComm.py][Client0]: Received a command (param1=2).
[17:12:04][ClientComm.py][Client1]: Received a command (param1=2).
[17:12:04][ServerComm.py]Sending command to 'Client2'(command=2, size of data = 3)
[17:12:04][Client.py][Client0]: Event received(Event=128).
[17:12:04][ServerComm.py]Sending command to 'Client3'(command=2, size of data = 3)
[17:12:04][Client.py][Client1]: Event received(Event=128).
[17:12:04][ClientComm.py][Client3]: Received a command (param1=2).
[17:12:04][Client.py][Client1]: Training is starting...
[17:12:04][Client.py][Client0]: Training is starting...
[17:12:04][ServerComm.py]Sending command to 'Client4'(command=2, size of data = 3)
[17:12:04][ServerComm.py]Sending command to 'Client5'(command=2, size of data = 3)
[17:12:04][ClientComm.py][Client2]: Received a command (param1=2).
[17:12:04][ClientComm.py][Client4]: Received a command (param1=2).
[17:12:04][Client.py][Client3]: Event received(Event=128).
[17:12:04][ClientComm.py][Client5]: Received a command (param1=2).
[17:12:04][Client.py][Client3]: Training is starting...
[17:12:04][Client.py][Client4]: Event received(Event=128).
[17:12:04][Client.py][Client2]: Event received(Event=128).
[17:12:04][ServerComm.py]Sending command to 'Client6'(command=2, size of data = 3)
[17:12:04][Client.py][Client5]: Event received(Event=128).
[17:12:04][ClientComm.py][Client6]: Received a command (param1=2).
[17:12:04][Client.py][Client4]: Training is starting...
[17:12:04][Client.py][Client2]: Training is starting...
[17:12:04][Client.py][Client6]: Event received(Event=128).
[17:12:04][ServerComm.py]Sending command to 'Client7'(command=2, size of data = 3)
[17:12:04][Client.py][Client6]: Training is starting...
[17:12:04][Client.py][Client5]: Training is starting...
[17:12:04][ClientComm.py][Client7]: Received a command (param1=2).
[17:12:04][ServerComm.py]Sending command to 'Client8'(command=2, size of data = 3)
[17:12:04][Client.py][Client7]: Event received(Event=128).
[17:12:04][ClientComm.py][Client8]: Received a command (param1=2).
[17:12:04][Client.py][Client8]: Event received(Event=128).
[17:12:04][ServerComm.py]Sending command to 'Client9'(command=2, size of data = 3)
[17:12:04][Client.py][Client7]: Training is starting...
[17:12:04][ClientComm.py][Client9]: Received a command (param1=2).
[17:12:04][Client.py][Client8]: Training is starting...
[17:12:04][ServerComm.py]Sending command to 'Client10'(command=2, size of data = 3)
[17:12:04][Client.py][Client9]: Event received(Event=128).
[17:12:04][ServerComm.py]Sending command to 'Client11'(command=2, size of data = 3)
[17:12:04][ClientComm.py][Client11]: Received a command (param1=2).
[17:12:04][ClientComm.py][Client10]: Received a command (param1=2).
[17:12:04][Client.py][Client9]: Training is starting...
[17:12:04][ServerComm.py]Sending command to 'Client12'(command=2, size of data = 3)
[17:12:04][Client.py][Client10]: Event received(Event=128).
[17:12:04][Client.py][Client11]: Event received(Event=128).
[17:12:04][ServerComm.py]Sending command to 'Client13'(command=2, size of data = 3)
[17:12:04][Client.py][Client11]: Training is starting...
[17:12:04][ClientComm.py][Client12]: Received a command (param1=2).
[17:12:04][Client.py][Client10]: Training is starting...
[17:12:04][ClientComm.py][Client13]: Received a command (param1=2).
[17:12:04][Client.py][Client12]: Event received(Event=128).
[17:12:04][ServerComm.py]Sending command to 'Client14'(command=2, size of data = 3)
[17:12:04][Client.py][Client12]: Training is starting...
[17:12:04][ServerComm.py]Sending command to 'Client15'(command=2, size of data = 3)
[17:12:04][ClientComm.py][Client15]: Received a command (param1=2).
[17:12:04][Client.py][Client13]: Event received(Event=128).
[17:12:04][ServerComm.py]Sending command to 'Client16'(command=2, size of data = 3)
[17:12:04][ClientComm.py][Client14]: Received a command (param1=2).
[17:12:04][Client.py][Client13]: Training is starting...
[17:12:04][ClientComm.py][Client16]: Received a command (param1=2).
[17:12:04][Client.py][Client15]: Event received(Event=128).
[17:12:04][Client.py][Client14]: Event received(Event=128).
[17:12:04][ServerComm.py]Sending command to 'Client17'(command=2, size of data = 3)
[17:12:04][Client.py][Client15]: Training is starting...
[17:12:04][Client.py][Client16]: Event received(Event=128).
[17:12:04][Client.py][Client14]: Training is starting...
[17:12:04][ClientComm.py][Client17]: Received a command (param1=2).
[17:12:04][ServerComm.py]Sending command to 'Client18'(command=2, size of data = 3)
[17:12:04][Client.py][Client16]: Training is starting...
[17:12:04][Client.py][Client17]: Event received(Event=128).
[17:12:04][Client.py][Client17]: Training is starting...
[17:12:04][ClientComm.py][Client18]: Received a command (param1=2).
[17:12:04][ServerComm.py]Sending command to 'Client19'(command=2, size of data = 3)
[17:12:04][ClientComm.py][Client19]: Received a command (param1=2).
[17:12:04][Client.py][Client18]: Event received(Event=128).
[17:12:04][Client.py][Client19]: Event received(Event=128).
[17:12:04][Client.py][Client18]: Training is starting...
[17:12:04][Client.py][Client19]: Training is starting...
[17:12:06][ClientComm.py][Client0]: Sending notification to the server (notify_evt=1).
[17:12:06][ServerComm.py]Notification received from 'Client0' (packet_param1=1).
[17:12:06][Server.py]The notification received from 'Client0'.
[17:12:06][Server.py][FedAvg]: Client Client0, Accuracy is 0.4003053307533264, Loss: 1.876495686159789.
[17:12:07][ClientComm.py][Client1]: Sending notification to the server (notify_evt=1).
[17:12:07][ServerComm.py]Notification received from 'Client1' (packet_param1=1).
[17:12:07][Server.py]The notification received from 'Client1'.
[17:12:07][Server.py][FedAvg]: Client Client1, Accuracy is 0.38527989387512207, Loss: 1.967090835221982.
[17:12:07][ClientComm.py][Client3]: Sending notification to the server (notify_evt=1).
[17:12:07][ServerComm.py]Notification received from 'Client3' (packet_param1=1).
[17:12:07][Server.py]The notification received from 'Client3'.
[17:12:07][Server.py][FedAvg]: Client Client3, Accuracy is 0.4215198755264282, Loss: 1.8986345637928357.
[17:12:07][ClientComm.py][Client4]: Sending notification to the server (notify_evt=1).
[17:12:07][ServerComm.py]Notification received from 'Client4' (packet_param1=1).
[17:12:07][Server.py]The notification received from 'Client4'.
[17:12:07][Server.py][FedAvg]: Client Client4, Accuracy is 0.44452032446861267, Loss: 1.899504541414677.
[17:12:08][ClientComm.py][Client2]: Sending notification to the server (notify_evt=1).
[17:12:08][ServerComm.py]Notification received from 'Client2' (packet_param1=1).
[17:12:08][Server.py]The notification received from 'Client2'.
[17:12:08][Server.py][FedAvg]: Client Client2, Accuracy is 0.4035971164703369, Loss: 1.8927954632601292.
[17:12:08][ClientComm.py][Client6]: Sending notification to the server (notify_evt=1).
[17:12:08][ServerComm.py]Notification received from 'Client6' (packet_param1=1).
[17:12:08][Server.py]The notification received from 'Client6'.
[17:12:08][Server.py][FedAvg]: Client Client6, Accuracy is 0.4144783616065979, Loss: 1.8600490580559454.
[17:12:09][ClientComm.py][Client5]: Sending notification to the server (notify_evt=1).
[17:12:09][ServerComm.py]Notification received from 'Client5' (packet_param1=1).
[17:12:09][Server.py]The notification received from 'Client5'.
[17:12:09][Server.py][FedAvg]: Client Client5, Accuracy is 0.41571998596191406, Loss: 1.9081713170554326.
[17:12:10][ClientComm.py][Client7]: Sending notification to the server (notify_evt=1).
[17:12:10][ServerComm.py]Notification received from 'Client7' (packet_param1=1).
[17:12:10][Server.py]The notification received from 'Client7'.
[17:12:10][Server.py][FedAvg]: Client Client7, Accuracy is 0.4089653193950653, Loss: 1.8778243753710224.
[17:12:10][ClientComm.py][Client8]: Sending notification to the server (notify_evt=1).
[17:12:10][ServerComm.py]Notification received from 'Client8' (packet_param1=1).
[17:12:10][Server.py]The notification received from 'Client8'.
[17:12:10][Server.py][FedAvg]: Client Client8, Accuracy is 0.4057213068008423, Loss: 1.8927599392609022.
[17:12:11][ClientComm.py][Client9]: Sending notification to the server (notify_evt=1).
[17:12:11][ServerComm.py]Notification received from 'Client9' (packet_param1=1).
[17:12:11][Server.py]The notification received from 'Client9'.
[17:12:11][Server.py][FedAvg]: Client Client9, Accuracy is 0.40851062536239624, Loss: 1.9169778133235804.
[17:12:11][ClientComm.py][Client11]: Sending notification to the server (notify_evt=1).
[17:12:11][ServerComm.py]Notification received from 'Client11' (packet_param1=1).
[17:12:11][Server.py]The notification received from 'Client11'.
[17:12:11][Server.py][FedAvg]: Client Client11, Accuracy is 0.38256168365478516, Loss: 1.9626780975586098.
[17:12:12][ClientComm.py][Client10]: Sending notification to the server (notify_evt=1).
[17:12:12][ServerComm.py]Notification received from 'Client10' (packet_param1=1).
[17:12:12][Server.py]The notification received from 'Client10'.
[17:12:12][Server.py][FedAvg]: Client Client10, Accuracy is 0.4164697825908661, Loss: 1.928304463232686.
[17:12:13][ClientComm.py][Client12]: Sending notification to the server (notify_evt=1).
[17:12:13][ServerComm.py]Notification received from 'Client12' (packet_param1=1).
[17:12:13][Server.py]The notification received from 'Client12'.
[17:12:13][Server.py][FedAvg]: Client Client12, Accuracy is 0.4269278645515442, Loss: 1.865303982549639.
[17:12:13][ClientComm.py][Client13]: Sending notification to the server (notify_evt=1).
[17:12:13][ServerComm.py]Notification received from 'Client13' (packet_param1=1).
[17:12:13][Server.py]The notification received from 'Client13'.
[17:12:13][Server.py][FedAvg]: Client Client13, Accuracy is 0.4055774509906769, Loss: 1.8958683073900078.
[17:12:13][ClientComm.py][Client15]: Sending notification to the server (notify_evt=1).
[17:12:13][ServerComm.py]Notification received from 'Client15' (packet_param1=1).
[17:12:13][Server.py]The notification received from 'Client15'.
[17:12:13][Server.py][FedAvg]: Client Client15, Accuracy is 0.4018264710903168, Loss: 1.958834958558602.
[17:12:14][ClientComm.py][Client14]: Sending notification to the server (notify_evt=1).
[17:12:14][ServerComm.py]Notification received from 'Client14' (packet_param1=1).
[17:12:14][Server.py]The notification received from 'Client14'.
[17:12:14][Server.py][FedAvg]: Client Client14, Accuracy is 0.40171220898628235, Loss: 1.9105103572105002.
[17:12:14][ClientComm.py][Client17]: Sending notification to the server (notify_evt=1).
[17:12:14][ServerComm.py]Notification received from 'Client17' (packet_param1=1).
[17:12:14][Server.py]The notification received from 'Client17'.
[17:12:14][Server.py][FedAvg]: Client Client17, Accuracy is 0.4205256700515747, Loss: 1.9404738547655758.
[17:12:15][ClientComm.py][Client16]: Sending notification to the server (notify_evt=1).
[17:12:15][ServerComm.py]Notification received from 'Client16' (packet_param1=1).
[17:12:15][Server.py]The notification received from 'Client16'.
[17:12:15][Server.py][FedAvg]: Client Client16, Accuracy is 0.4256756901741028, Loss: 1.880298293671262.
[17:12:15][ClientComm.py][Client19]: Sending notification to the server (notify_evt=1).
[17:12:15][ServerComm.py]Notification received from 'Client19' (packet_param1=1).
[17:12:15][Server.py]The notification received from 'Client19'.
[17:12:15][Server.py][FedAvg]: Client Client19, Accuracy is 0.40231621265411377, Loss: 1.9390081475748637.
[17:12:16][ClientComm.py][Client18]: Sending notification to the server (notify_evt=1).
[17:12:16][ServerComm.py]Notification received from 'Client18' (packet_param1=1).
[17:12:16][Server.py]The notification received from 'Client18'.
[17:12:16][Server.py][FedAvg]: Client Client18, Accuracy is 0.3901345431804657, Loss: 1.9624077292630162.
[17:12:16][ClientComm.py][Client0]: Sending notification to the server (notify_evt=1).
[17:12:16][ServerComm.py]Notification received from 'Client0' (packet_param1=1).
[17:12:16][Server.py]The notification received from 'Client0'.
[17:12:16][Server.py][FedAvg]: Client Client0, Accuracy is 0.4687022864818573, Loss: 1.4887653825119251.
[17:12:17][ClientComm.py][Client1]: Sending notification to the server (notify_evt=1).
[17:12:17][ServerComm.py]Notification received from 'Client1' (packet_param1=1).
[17:12:17][Server.py]The notification received from 'Client1'.
[17:12:17][Server.py][FedAvg]: Client Client1, Accuracy is 0.4588804543018341, Loss: 1.565062204145446.
[17:12:17][ClientComm.py][Client3]: Sending notification to the server (notify_evt=1).
[17:12:17][ServerComm.py]Notification received from 'Client3' (packet_param1=1).
[17:12:17][Server.py]The notification received from 'Client3'.
[17:12:17][Server.py][FedAvg]: Client Client3, Accuracy is 0.4666193127632141, Loss: 1.5431740283966064.
[17:12:18][ClientComm.py][Client4]: Sending notification to the server (notify_evt=1).
[17:12:18][ServerComm.py]Notification received from 'Client4' (packet_param1=1).
[17:12:18][Server.py]The notification received from 'Client4'.
[17:12:18][Server.py][FedAvg]: Client Client4, Accuracy is 0.46295663714408875, Loss: 1.5616262272056274.
[17:12:18][ClientComm.py][Client2]: Sending notification to the server (notify_evt=1).
[17:12:18][ServerComm.py]Notification received from 'Client2' (packet_param1=1).
[17:12:18][Server.py]The notification received from 'Client2'.
[17:12:18][Server.py][FedAvg]: Client Client2, Accuracy is 0.46223020553588867, Loss: 1.5139786282889276.
[17:12:19][ClientComm.py][Client6]: Sending notification to the server (notify_evt=1).
[17:12:19][ServerComm.py]Notification received from 'Client6' (packet_param1=1).
[17:12:19][Server.py]The notification received from 'Client6'.
[17:12:19][Server.py][FedAvg]: Client Client6, Accuracy is 0.5589070320129395, Loss: 1.4314152555655215.
[17:12:19][ClientComm.py][Client5]: Sending notification to the server (notify_evt=1).
[17:12:19][ServerComm.py]Notification received from 'Client5' (packet_param1=1).
[17:12:19][Server.py]The notification received from 'Client5'.
[17:12:19][Server.py][FedAvg]: Client Client5, Accuracy is 0.4565550982952118, Loss: 1.5899089211000415.
[17:12:20][ClientComm.py][Client7]: Sending notification to the server (notify_evt=1).
[17:12:20][ServerComm.py]Notification received from 'Client7' (packet_param1=1).
[17:12:20][Server.py]The notification received from 'Client7'.
[17:12:20][Server.py][FedAvg]: Client Client7, Accuracy is 0.4666871428489685, Loss: 1.5189415534142157.
[17:12:20][ClientComm.py][Client8]: Sending notification to the server (notify_evt=1).
[17:12:20][ServerComm.py]Notification received from 'Client8' (packet_param1=1).
[17:12:20][Server.py]The notification received from 'Client8'.
[17:12:20][Server.py][FedAvg]: Client Client8, Accuracy is 0.4678560495376587, Loss: 1.4886450123618251.
[17:12:21][ClientComm.py][Client9]: Sending notification to the server (notify_evt=1).
[17:12:21][ServerComm.py]Notification received from 'Client9' (packet_param1=1).
[17:12:21][Server.py]The notification received from 'Client9'.
[17:12:21][Server.py][FedAvg]: Client Client9, Accuracy is 0.45835867524147034, Loss: 1.5843547260869963.
[17:12:21][ClientComm.py][Client11]: Sending notification to the server (notify_evt=1).
[17:12:21][ServerComm.py]Notification received from 'Client11' (packet_param1=1).
[17:12:22][Server.py]The notification received from 'Client11'.
[17:12:22][Server.py][FedAvg]: Client Client11, Accuracy is 0.45927679538726807, Loss: 1.58025891573778.
[17:12:22][ClientComm.py][Client10]: Sending notification to the server (notify_evt=1).
[17:12:22][ServerComm.py]Notification received from 'Client10' (packet_param1=1).
[17:12:22][Server.py]The notification received from 'Client10'.
[17:12:22][Server.py][FedAvg]: Client Client10, Accuracy is 0.454606831073761, Loss: 1.6238857112218912.
[17:12:22][ClientComm.py][Client12]: Sending notification to the server (notify_evt=1).
[17:12:23][ServerComm.py]Notification received from 'Client12' (packet_param1=1).
[17:12:23][Server.py]The notification received from 'Client12'.
[17:12:23][Server.py][FedAvg]: Client Client12, Accuracy is 0.46268656849861145, Loss: 1.4960120349974182.
[17:12:23][ClientComm.py][Client13]: Sending notification to the server (notify_evt=1).
[17:12:23][ServerComm.py]Notification received from 'Client13' (packet_param1=1).
[17:12:23][Server.py]The notification received from 'Client13'.
[17:12:23][Server.py][FedAvg]: Client Client13, Accuracy is 0.46559563279151917, Loss: 1.5171612734215012.
[17:12:24][ClientComm.py][Client15]: Sending notification to the server (notify_evt=1).
[17:12:24][ServerComm.py]Notification received from 'Client15' (packet_param1=1).
[17:12:24][Server.py]The notification received from 'Client15'.
[17:12:24][Server.py][FedAvg]: Client Client15, Accuracy is 0.451402485370636, Loss: 1.6570198629233701.
[17:12:24][ClientComm.py][Client14]: Sending notification to the server (notify_evt=1).
[17:12:24][ServerComm.py]Notification received from 'Client14' (packet_param1=1).
[17:12:24][Server.py]The notification received from 'Client14'.
[17:12:24][Server.py][FedAvg]: Client Client14, Accuracy is 0.46032267808914185, Loss: 1.6048579062919377.
[17:12:25][ClientComm.py][Client17]: Sending notification to the server (notify_evt=1).
[17:12:25][ServerComm.py]Notification received from 'Client17' (packet_param1=1).
[17:12:25][Server.py]The notification received from 'Client17'.
[17:12:25][Server.py][FedAvg]: Client Client17, Accuracy is 0.5162703394889832, Loss: 1.5596551725055756.
[17:12:25][ClientComm.py][Client16]: Sending notification to the server (notify_evt=1).
[17:12:25][ServerComm.py]Notification received from 'Client16' (packet_param1=1).
[17:12:25][Server.py]The notification received from 'Client16'.
[17:12:25][Server.py][FedAvg]: Client Client16, Accuracy is 0.46230441331863403, Loss: 1.5216828038648385.
[17:12:25][ClientComm.py][Client19]: Sending notification to the server (notify_evt=1).
[17:12:25][ServerComm.py]Notification received from 'Client19' (packet_param1=1).
[17:12:25][Server.py]The notification received from 'Client19'.
[17:12:25][Server.py][FedAvg]: Client Client19, Accuracy is 0.4753272831439972, Loss: 1.5716421623364436.
[17:12:26][ClientComm.py][Client18]: Sending notification to the server (notify_evt=1).
[17:12:26][ServerComm.py]Notification received from 'Client18' (packet_param1=1).
[17:12:26][Server.py]The notification received from 'Client18'.
[17:12:26][Server.py][FedAvg]: Client Client18, Accuracy is 0.4591238498687744, Loss: 1.5755194461769217.
[17:12:27][ClientComm.py][Client0]: Sending notification to the server (notify_evt=1).
[17:12:27][ServerComm.py]Notification received from 'Client0' (packet_param1=1).
[17:12:27][Server.py]The notification received from 'Client0'.
[17:12:27][Server.py][FedAvg]: Client Client0, Accuracy is 0.6039694547653198, Loss: 1.262116117805015.
[17:12:27][ClientComm.py][Client1]: Sending notification to the server (notify_evt=1).
[17:12:27][ServerComm.py]Notification received from 'Client1' (packet_param1=1).
[17:12:27][Server.py]The notification received from 'Client1'.
[17:12:27][Server.py][FedAvg]: Client Client1, Accuracy is 0.5514858365058899, Loss: 1.3461220441559882.
[17:12:27][ClientComm.py][Client3]: Sending notification to the server (notify_evt=1).
[17:12:27][ServerComm.py]Notification received from 'Client3' (packet_param1=1).
[17:12:27][Server.py]The notification received from 'Client3'.
[17:12:27][Server.py][FedAvg]: Client Client3, Accuracy is 0.5713778138160706, Loss: 1.3321210796182805.
[17:12:28][ClientComm.py][Client4]: Sending notification to the server (notify_evt=1).
[17:12:28][ServerComm.py]Notification received from 'Client4' (packet_param1=1).
[17:12:28][Server.py]The notification received from 'Client4'.
[17:12:28][Server.py][FedAvg]: Client Client4, Accuracy is 0.5472857356071472, Loss: 1.3515988255409952.
[17:12:28][ClientComm.py][Client2]: Sending notification to the server (notify_evt=1).
[17:12:28][ServerComm.py]Notification received from 'Client2' (packet_param1=1).
[17:12:28][Server.py]The notification received from 'Client2'.
[17:12:28][Server.py][FedAvg]: Client Client2, Accuracy is 0.5618705153465271, Loss: 1.2974745422816105.
[17:12:29][ClientComm.py][Client6]: Sending notification to the server (notify_evt=1).
[17:12:29][ServerComm.py]Notification received from 'Client6' (packet_param1=1).
[17:12:29][Server.py]The notification received from 'Client6'.
[17:12:29][Server.py][FedAvg]: Client Client6, Accuracy is 0.6387509107589722, Loss: 1.2169402436299728.
[17:12:30][ClientComm.py][Client5]: Sending notification to the server (notify_evt=1).
[17:12:30][ServerComm.py]Notification received from 'Client5' (packet_param1=1).
[17:12:30][Server.py]The notification received from 'Client5'.
[17:12:30][Server.py][FedAvg]: Client Client5, Accuracy is 0.5023027062416077, Loss: 1.380834107864551.
[17:12:30][ClientComm.py][Client7]: Sending notification to the server (notify_evt=1).
[17:12:30][ServerComm.py]Notification received from 'Client7' (packet_param1=1).
[17:12:30][Server.py]The notification received from 'Client7'.
[17:12:30][Server.py][FedAvg]: Client Client7, Accuracy is 0.5719987750053406, Loss: 1.306840209167429.
[17:12:31][ClientComm.py][Client8]: Sending notification to the server (notify_evt=1).
[17:12:31][ServerComm.py]Notification received from 'Client8' (packet_param1=1).
[17:12:31][Server.py]The notification received from 'Client8'.
[17:12:31][Server.py][FedAvg]: Client Client8, Accuracy is 0.6096585392951965, Loss: 1.2537240590802783.
[17:12:31][ClientComm.py][Client9]: Sending notification to the server (notify_evt=1).
[17:12:31][ServerComm.py]Notification received from 'Client9' (packet_param1=1).
[17:12:31][Server.py]The notification received from 'Client9'.
[17:12:31][Server.py][FedAvg]: Client Client9, Accuracy is 0.503951370716095, Loss: 1.3712738029137934.
[17:12:32][ClientComm.py][Client11]: Sending notification to the server (notify_evt=1).
[17:12:32][ServerComm.py]Notification received from 'Client11' (packet_param1=1).
[17:12:32][Server.py]The notification received from 'Client11'.
[17:12:32][Server.py][FedAvg]: Client Client11, Accuracy is 0.551199734210968, Loss: 1.38208535989421.
[17:12:32][ClientComm.py][Client10]: Sending notification to the server (notify_evt=1).
[17:12:32][ServerComm.py]Notification received from 'Client10' (packet_param1=1).
[17:12:32][Server.py]The notification received from 'Client10'.
[17:12:32][Server.py][FedAvg]: Client Client10, Accuracy is 0.5001687407493591, Loss: 1.4167413817359675.
[17:12:33][ClientComm.py][Client12]: Sending notification to the server (notify_evt=1).
[17:12:33][ServerComm.py]Notification received from 'Client12' (packet_param1=1).
[17:12:33][Server.py]The notification received from 'Client12'.
[17:12:33][Server.py][FedAvg]: Client Client12, Accuracy is 0.5786691308021545, Loss: 1.2733415222879667.
[17:12:33][ClientComm.py][Client13]: Sending notification to the server (notify_evt=1).
[17:12:33][ServerComm.py]Notification received from 'Client13' (packet_param1=1).
[17:12:33][Server.py]The notification received from 'Client13'.
[17:12:33][Server.py][FedAvg]: Client Client13, Accuracy is 0.5644134879112244, Loss: 1.2941483869882164.
[17:12:34][ClientComm.py][Client15]: Sending notification to the server (notify_evt=1).
[17:12:34][ServerComm.py]Notification received from 'Client15' (packet_param1=1).
[17:12:34][Server.py]The notification received from 'Client15'.
[17:12:34][Server.py][FedAvg]: Client Client15, Accuracy is 0.46966731548309326, Loss: 1.4594502546238262.
[17:12:34][ClientComm.py][Client14]: Sending notification to the server (notify_evt=1).
[17:12:34][ServerComm.py]Notification received from 'Client14' (packet_param1=1).
[17:12:34][Server.py]The notification received from 'Client14'.
[17:12:34][Server.py][FedAvg]: Client Client14, Accuracy is 0.504115879535675, Loss: 1.404612442008123.
[17:12:35][ClientComm.py][Client17]: Sending notification to the server (notify_evt=1).
[17:12:35][ServerComm.py]Notification received from 'Client17' (packet_param1=1).
[17:12:35][Server.py]The notification received from 'Client17'.
[17:12:35][Server.py][FedAvg]: Client Client17, Accuracy is 0.5738422870635986, Loss: 1.3259384291938905.
[17:12:35][ClientComm.py][Client16]: Sending notification to the server (notify_evt=1).
[17:12:35][ServerComm.py]Notification received from 'Client16' (packet_param1=1).
[17:12:35][Server.py]The notification received from 'Client16'.
[17:12:35][Server.py][FedAvg]: Client Client16, Accuracy is 0.5675675868988037, Loss: 1.301514528384419.
[17:12:35][ClientComm.py][Client19]: Sending notification to the server (notify_evt=1).
[17:12:35][ServerComm.py]Notification received from 'Client19' (packet_param1=1).
[17:12:36][Server.py]The notification received from 'Client19'.
[17:12:36][Server.py][FedAvg]: Client Client19, Accuracy is 0.5281974077224731, Loss: 1.360901405083809.
[17:12:36][ClientComm.py][Client18]: Sending notification to the server (notify_evt=1).
[17:12:36][ServerComm.py]Notification received from 'Client18' (packet_param1=1).
[17:12:36][Server.py]The notification received from 'Client18'.
[17:12:36][Server.py][FedAvg]: Client Client18, Accuracy is 0.5022421479225159, Loss: 1.3633098664798586.
[17:12:37][ClientComm.py][Client0]: Sending notification to the server (notify_evt=1).
[17:12:37][ServerComm.py]Notification received from 'Client0' (packet_param1=1).
[17:12:37][Server.py]The notification received from 'Client0'.
[17:12:37][Server.py][FedAvg]: Client Client0, Accuracy is 0.7163358926773071, Loss: 1.0931600678604068.
[17:12:37][ClientComm.py][Client1]: Sending notification to the server (notify_evt=1).
[17:12:37][ServerComm.py]Notification received from 'Client1' (packet_param1=1).
[17:12:37][Server.py]The notification received from 'Client1'.
[17:12:37][Server.py][FedAvg]: Client Client1, Accuracy is 0.64789217710495, Loss: 1.1781389424120383.
[17:12:38][ClientComm.py][Client3]: Sending notification to the server (notify_evt=1).
[17:12:38][ServerComm.py]Notification received from 'Client3' (packet_param1=1).
[17:12:38][Server.py]The notification received from 'Client3'.
[17:12:38][Server.py][FedAvg]: Client Client3, Accuracy is 0.6768465638160706, Loss: 1.1790446747433057.
[17:12:38][ClientComm.py][Client4]: Sending notification to the server (notify_evt=1).
[17:12:38][ServerComm.py]Notification received from 'Client4' (packet_param1=1).
[17:12:38][Server.py]The notification received from 'Client4'.
[17:12:38][Server.py][FedAvg]: Client Client4, Accuracy is 0.6524410843849182, Loss: 1.2001691453893992.
[17:12:39][ClientComm.py][Client2]: Sending notification to the server (notify_evt=1).
[17:12:39][ServerComm.py]Notification received from 'Client2' (packet_param1=1).
[17:12:39][Server.py]The notification received from 'Client2'.
[17:12:39][Server.py][FedAvg]: Client Client2, Accuracy is 0.6776978373527527, Loss: 1.1384976165757763.
[17:12:39][ClientComm.py][Client6]: Sending notification to the server (notify_evt=1).
[17:12:39][ServerComm.py]Notification received from 'Client6' (packet_param1=1).
[17:12:39][Server.py]The notification received from 'Client6'.
[17:12:39][Server.py][FedAvg]: Client Client6, Accuracy is 0.7299503087997437, Loss: 1.077596074135444.
[17:12:40][ClientComm.py][Client5]: Sending notification to the server (notify_evt=1).
[17:12:40][ServerComm.py]Notification received from 'Client5' (packet_param1=1).
[17:12:40][Server.py]The notification received from 'Client5'.
[17:12:40][Server.py][FedAvg]: Client Client5, Accuracy is 0.6088424921035767, Loss: 1.206140712978725.
[17:12:40][ClientComm.py][Client7]: Sending notification to the server (notify_evt=1).
[17:12:40][ServerComm.py]Notification received from 'Client7' (packet_param1=1).
[17:12:40][Server.py]The notification received from 'Client7'.
[17:12:40][Server.py][FedAvg]: Client Client7, Accuracy is 0.6941971182823181, Loss: 1.1506408323420312.
[17:12:41][ClientComm.py][Client8]: Sending notification to the server (notify_evt=1).
[17:12:41][ServerComm.py]Notification received from 'Client8' (packet_param1=1).
[17:12:41][Server.py]The notification received from 'Client8'.
[17:12:41][Server.py][FedAvg]: Client Client8, Accuracy is 0.7262380719184875, Loss: 1.0821036403269373.
[17:12:41][ClientComm.py][Client9]: Sending notification to the server (notify_evt=1).
[17:12:41][ServerComm.py]Notification received from 'Client9' (packet_param1=1).
[17:12:41][Server.py]The notification received from 'Client9'.
[17:12:41][Server.py][FedAvg]: Client Client9, Accuracy is 0.6367781162261963, Loss: 1.2018204056383266.
[17:12:42][ClientComm.py][Client11]: Sending notification to the server (notify_evt=1).
[17:12:42][ServerComm.py]Notification received from 'Client11' (packet_param1=1).
[17:12:42][Server.py]The notification received from 'Client11'.
[17:12:42][Server.py][FedAvg]: Client Client11, Accuracy is 0.6444745063781738, Loss: 1.2287296849595972.
[17:12:42][ClientComm.py][Client10]: Sending notification to the server (notify_evt=1).
[17:12:42][ServerComm.py]Notification received from 'Client10' (packet_param1=1).
[17:12:43][Server.py]The notification received from 'Client10'.
[17:12:43][Server.py][FedAvg]: Client Client10, Accuracy is 0.6081674098968506, Loss: 1.2478165173104112.
[17:12:43][ClientComm.py][Client12]: Sending notification to the server (notify_evt=1).
[17:12:43][ServerComm.py]Notification received from 'Client12' (packet_param1=1).
[17:12:43][Server.py]The notification received from 'Client12'.
[17:12:43][Server.py][FedAvg]: Client Client12, Accuracy is 0.6915422677993774, Loss: 1.1076973801228538.
[17:12:43][ClientComm.py][Client13]: Sending notification to the server (notify_evt=1).
[17:12:44][ServerComm.py]Notification received from 'Client13' (packet_param1=1).
[17:12:44][Server.py]The notification received from 'Client13'.
[17:12:44][Server.py][FedAvg]: Client Client13, Accuracy is 0.6562594771385193, Loss: 1.1308579066913393.
[17:12:44][ClientComm.py][Client15]: Sending notification to the server (notify_evt=1).
[17:12:44][ServerComm.py]Notification received from 'Client15' (packet_param1=1).
[17:12:44][Server.py]The notification received from 'Client15'.
[17:12:44][Server.py][FedAvg]: Client Client15, Accuracy is 0.5658838748931885, Loss: 1.2844582845864543.
[17:12:45][ClientComm.py][Client14]: Sending notification to the server (notify_evt=1).
[17:12:45][ServerComm.py]Notification received from 'Client14' (packet_param1=1).
[17:12:45][Server.py]The notification received from 'Client14'.
[17:12:45][Server.py][FedAvg]: Client Client14, Accuracy is 0.6117879748344421, Loss: 1.233989477314602.
[17:12:45][ClientComm.py][Client17]: Sending notification to the server (notify_evt=1).
[17:12:45][ServerComm.py]Notification received from 'Client17' (packet_param1=1).
[17:12:45][Server.py]The notification received from 'Client17'.
[17:12:45][Server.py][FedAvg]: Client Client17, Accuracy is 0.6426783204078674, Loss: 1.1544759254133299.
[17:12:45][ClientComm.py][Client16]: Sending notification to the server (notify_evt=1).
[17:12:45][ServerComm.py]Notification received from 'Client16' (packet_param1=1).
[17:12:45][Server.py]The notification received from 'Client16'.
[17:12:45][Server.py][FedAvg]: Client Client16, Accuracy is 0.6735419631004333, Loss: 1.140924477984183.
[17:12:45][ClientComm.py][Client19]: Sending notification to the server (notify_evt=1).
[17:12:45][ServerComm.py]Notification received from 'Client19' (packet_param1=1).
[17:12:46][Server.py]The notification received from 'Client19'.
[17:12:46][Server.py][FedAvg]: Client Client19, Accuracy is 0.6183282732963562, Loss: 1.2352878854113882.
[17:12:46][ClientComm.py][Client18]: Sending notification to the server (notify_evt=1).
[17:12:46][ServerComm.py]Notification received from 'Client18' (packet_param1=1).
[17:12:46][Server.py]The notification received from 'Client18'.
[17:12:46][Server.py][FedAvg]: Client Client18, Accuracy is 0.6153846383094788, Loss: 1.2010440897143846.
[17:12:47][ClientComm.py][Client0]: Sending notification to the server (notify_evt=1).
[17:12:47][ServerComm.py]Notification received from 'Client0' (packet_param1=1).
[17:12:47][Server.py]The notification received from 'Client0'.
[17:12:47][ClientComm.py][Client0]: Sending data to the server (payload_size=3257725).
[17:12:47][Server.py][FedAvg]: Client Client0, Accuracy is 0.7688549757003784, Loss: 0.9598808770689345.
[17:12:47][ClientComm.py][Client1]: Sending notification to the server (notify_evt=1).
[17:12:47][ClientComm.py][Client1]: Sending data to the server (payload_size=3257725).
[17:12:47][ServerComm.py]Notification received from 'Client1' (packet_param1=1).
[17:12:47][Server.py]The notification received from 'Client1'.
[17:12:47][Server.py][FedAvg]: Client Client1, Accuracy is 0.7163096070289612, Loss: 1.043788377589494.
[17:12:47][ClientComm.py][Client0]: Sending notification to the server (notify_evt=3).
[17:12:47][Client.py][Client0]: Training done (Epochs: 5).
[17:12:47][Server.py]The trained model received from 'Client0'.
[17:12:47][Server.py][FedAvg]: Trained model received from 'Client0'.
Number of trained models: 1
[17:12:47][ServerComm.py]Notification received from 'Client0' (packet_param1=3).
[17:12:48][ClientComm.py][Client1]: Sending notification to the server (notify_evt=3).
[17:12:48][Client.py][Client1]: Training done (Epochs: 5).
[17:12:48][Server.py]The trained model received from 'Client1'.
[17:12:48][Server.py][FedAvg]: Trained model received from 'Client1'.
Number of trained models: 2
[17:12:48][ServerComm.py]Notification received from 'Client1' (packet_param1=3).
[17:12:48][ClientComm.py][Client3]: Sending notification to the server (notify_evt=1).
[17:12:48][ServerComm.py]Notification received from 'Client3' (packet_param1=1).
[17:12:48][ClientComm.py][Client3]: Sending data to the server (payload_size=3257725).
[17:12:48][Server.py]The notification received from 'Client3'.
[17:12:48][Server.py][FedAvg]: Client Client3, Accuracy is 0.7311789989471436, Loss: 1.0589953552592883.
[17:12:48][ClientComm.py][Client3]: Sending notification to the server (notify_evt=3).
[17:12:48][Server.py]The trained model received from 'Client3'.
[17:12:48][Server.py][FedAvg]: Trained model received from 'Client3'.
Number of trained models: 3
[17:12:48][Client.py][Client3]: Training done (Epochs: 5).
[17:12:48][ServerComm.py]Notification received from 'Client3' (packet_param1=3).
[17:12:49][ClientComm.py][Client4]: Sending notification to the server (notify_evt=1).
[17:12:49][ClientComm.py][Client4]: Sending data to the server (payload_size=3257725).
[17:12:49][ServerComm.py]Notification received from 'Client4' (packet_param1=1).
[17:12:49][Server.py]The notification received from 'Client4'.
[17:12:49][Server.py][FedAvg]: Client Client4, Accuracy is 0.7214066386222839, Loss: 1.0784705215934682.
[17:12:49][ClientComm.py][Client4]: Sending notification to the server (notify_evt=3).
[17:12:49][Client.py][Client4]: Training done (Epochs: 5).
[17:12:49][Server.py]The trained model received from 'Client4'.
[17:12:49][Server.py][FedAvg]: Trained model received from 'Client4'.
Number of trained models: 4
[17:12:49][ServerComm.py]Notification received from 'Client4' (packet_param1=3).
[17:12:49][ClientComm.py][Client2]: Sending notification to the server (notify_evt=1).
[17:12:49][ServerComm.py]Notification received from 'Client2' (packet_param1=1).
[17:12:49][ClientComm.py][Client2]: Sending data to the server (payload_size=3257725).
[17:12:49][Server.py]The notification received from 'Client2'.
[17:12:49][Server.py][FedAvg]: Client Client2, Accuracy is 0.7528777122497559, Loss: 1.0153255472080314.
[17:12:49][ClientComm.py][Client2]: Sending notification to the server (notify_evt=3).
[17:12:49][Client.py][Client2]: Training done (Epochs: 5).
[17:12:49][Server.py]The trained model received from 'Client2'.
[17:12:49][Server.py][FedAvg]: Trained model received from 'Client2'.
Number of trained models: 5
[17:12:49][Server.py]Start to aggregate in a new thread.
[17:12:49][ServerComm.py]Notification received from 'Client2' (packet_param1=3).
[17:12:50][ServerComm.py]Sending data to 'Client0'(size of data = 3258517)
[17:12:50][ClientComm.py][Client6]: Sending notification to the server (notify_evt=1).
[17:12:50][ServerComm.py]Notification received from 'Client6' (packet_param1=1).
[17:12:50][ClientComm.py][Client6]: Sending data to the server (payload_size=3257725).
[17:12:50][Server.py]The notification received from 'Client6'.
[17:12:50][Server.py][FedAvg]: Client Client6, Accuracy is 0.7487579584121704, Loss: 0.9742375272408794.
[17:12:50][ServerComm.py]Sending data to 'Client1'(size of data = 3258517)
[17:12:50][ClientComm.py][Client0]: Received data (payload_size=3258517).
[17:12:50][Client.py][Client0]: Event received(Event=131).
[17:12:50][Client.py][Client0]: New model received.
[17:12:50][ClientComm.py][Client6]: Sending notification to the server (notify_evt=3).
[17:12:50][Client.py][Client6]: Training done (Epochs: 5).
[17:12:50][Server.py]The trained model received from 'Client6'.
[17:12:50][Server.py][FedAvg]: Trained model received from 'Client6'.
Number of trained models: 1
[17:12:50][ServerComm.py]Notification received from 'Client6' (packet_param1=3).
[17:12:50][ClientComm.py][Client1]: Received data (payload_size=3258517).
[17:12:50][ServerComm.py]Sending data to 'Client2'(size of data = 3258517)
[17:12:50][Client.py][Client1]: Event received(Event=131).
[17:12:50][Client.py][Client1]: New model received.
[17:12:51][ClientComm.py][Client5]: Sending notification to the server (notify_evt=1).
[17:12:51][ServerComm.py]Notification received from 'Client5' (packet_param1=1).
[17:12:51][ClientComm.py][Client5]: Sending data to the server (payload_size=3257725).
[17:12:51][Server.py]The notification received from 'Client5'.
[17:12:51][Server.py][FedAvg]: Client Client5, Accuracy is 0.6957322955131531, Loss: 1.0593645218914185.
[17:12:51][ServerComm.py]Sending data to 'Client3'(size of data = 3258517)
[17:12:51][ClientComm.py][Client2]: Received data (payload_size=3258517).
[17:12:51][Client.py][Client2]: Event received(Event=131).
[17:12:51][Client.py][Client2]: New model received.
[17:12:51][ClientComm.py][Client5]: Sending notification to the server (notify_evt=3).
[17:12:51][Server.py]The trained model received from 'Client5'.
[17:12:51][Server.py][FedAvg]: Trained model received from 'Client5'.
[17:12:51][Client.py][Client5]: Training done (Epochs: 5).
Number of trained models: 2
[17:12:51][ServerComm.py]Notification received from 'Client5' (packet_param1=3).
[17:12:52][ServerComm.py]Sending data to 'Client4'(size of data = 3258517)
[17:12:52][ClientComm.py][Client3]: Received data (payload_size=3258517).
[17:12:52][Client.py][Client3]: Event received(Event=131).
[17:12:52][Client.py][Client3]: New model received.
[17:12:52][ClientComm.py][Client4]: Received data (payload_size=3258517).
[17:12:52][ServerComm.py]Sending data to 'Client5'(size of data = 3258517)
[17:12:52][Client.py][Client4]: Event received(Event=131).
[17:12:52][Client.py][Client4]: New model received.
[17:12:52][ClientComm.py][Client7]: Sending notification to the server (notify_evt=1).
[17:12:52][ClientComm.py][Client7]: Sending data to the server (payload_size=3257725).
[17:12:52][ServerComm.py]Notification received from 'Client7' (packet_param1=1).
[17:12:52][Server.py]The notification received from 'Client7'.
[17:12:52][Server.py][FedAvg]: Client Client7, Accuracy is 0.7531470656394958, Loss: 1.024597968797505.
[17:12:53][ServerComm.py]Sending data to 'Client6'(size of data = 3258517)
[17:12:53][ClientComm.py][Client5]: Received data (payload_size=3258517).
[17:12:53][Client.py][Client5]: Event received(Event=131).
[17:12:53][Client.py][Client5]: New model received.
[17:12:53][ClientComm.py][Client7]: Sending notification to the server (notify_evt=3).
[17:12:53][Client.py][Client7]: Training done (Epochs: 5).
[17:12:53][Server.py]The trained model received from 'Client7'.
[17:12:53][Server.py][FedAvg]: Trained model received from 'Client7'.
Number of trained models: 3
[17:12:53][ServerComm.py]Notification received from 'Client7' (packet_param1=3).
[17:12:54][ClientComm.py][Client8]: Sending notification to the server (notify_evt=1).
[17:12:54][ClientComm.py][Client8]: Sending data to the server (payload_size=3257725).
[17:12:54][ServerComm.py]Notification received from 'Client8' (packet_param1=1).
[17:12:54][Server.py]The notification received from 'Client8'.
[17:12:54][Server.py][FedAvg]: Client Client8, Accuracy is 0.7902184128761292, Loss: 0.9482144018533742.
[17:12:54][ServerComm.py]Sending data to 'Client7'(size of data = 3258517)
[17:12:54][ClientComm.py][Client6]: Received data (payload_size=3258517).
[17:12:54][Client.py][Client6]: Event received(Event=131).
[17:12:54][Client.py][Client6]: New model received.
[17:12:54][ClientComm.py][Client9]: Sending notification to the server (notify_evt=1).
[17:12:54][ClientComm.py][Client9]: Sending data to the server (payload_size=3257725).
[17:12:54][ServerComm.py]Notification received from 'Client9' (packet_param1=1).
[17:12:54][Server.py]The notification received from 'Client9'.
[17:12:54][Server.py][FedAvg]: Client Client9, Accuracy is 0.7106382846832275, Loss: 1.0606424630956446.
[17:12:55][ClientComm.py][Client11]: Sending notification to the server (notify_evt=1).
[17:12:55][ServerComm.py]Notification received from 'Client11' (packet_param1=1).
[17:12:55][Server.py]The notification received from 'Client11'.
[17:12:55][ClientComm.py][Client11]: Sending data to the server (payload_size=3257725).
[17:12:55][Server.py][FedAvg]: Client Client11, Accuracy is 0.7201757431030273, Loss: 1.1020564462897664.
[17:12:55][ServerComm.py]Sending data to 'Client8'(size of data = 3258517)
[17:12:55][ClientComm.py][Client7]: Received data (payload_size=3258517).
[17:12:55][Server.py]The trained model received from 'Client8'.
[17:12:55][ClientComm.py][Client8]: Sending notification to the server (notify_evt=3).
[17:12:55][Client.py][Client7]: Event received(Event=131).
[17:12:55][Server.py][FedAvg]: Trained model received from 'Client8'.
[17:12:55][Client.py][Client7]: New model received.
[17:12:55][Client.py][Client8]: Training done (Epochs: 5).
Number of trained models: 4
[17:12:55][ServerComm.py]Notification received from 'Client8' (packet_param1=3).
[17:12:55][ClientComm.py][Client9]: Sending notification to the server (notify_evt=3).
[17:12:55][ClientComm.py][Client10]: Sending notification to the server (notify_evt=1).
[17:12:55][ServerComm.py]Notification received from 'Client10' (packet_param1=1).
[17:12:55][Server.py]The notification received from 'Client10'.
[17:12:55][Server.py]The trained model received from 'Client9'.
[17:12:55][Client.py][Client9]: Training done (Epochs: 5).
[17:12:55][Server.py][FedAvg]: Trained model received from 'Client9'.
[17:12:55][ClientComm.py][Client10]: Sending data to the server (payload_size=3257725).
[17:12:55][Server.py][FedAvg]: Client Client10, Accuracy is 0.6810665130615234, Loss: 1.1104240352303605.
Number of trained models: 5
[17:12:56][Server.py]Start to aggregate in a new thread.
[17:12:56][ServerComm.py]Notification received from 'Client9' (packet_param1=3).
[17:12:56][ServerComm.py]Sending data to 'Client0'(size of data = 3258517)
[17:12:56][Server.py]The trained model received from 'Client11'.
[17:12:56][Server.py][FedAvg]: Trained model received from 'Client11'.
[17:12:56][ClientComm.py][Client11]: Sending notification to the server (notify_evt=3).
Number of trained models: 1
[17:12:56][ServerComm.py]Notification received from 'Client11' (packet_param1=3).
[17:12:56][Client.py][Client11]: Training done (Epochs: 5).
[17:12:56][ServerComm.py]Sending data to 'Client9'(size of data = 3258517)
[17:12:56][ClientComm.py][Client8]: Received data (payload_size=3258517).
[17:12:56][Client.py][Client8]: Event received(Event=131).
[17:12:56][Client.py][Client8]: New model received.
[17:12:57][ClientComm.py][Client12]: Sending notification to the server (notify_evt=1).
[17:12:57][ClientComm.py][Client12]: Sending data to the server (payload_size=3257725).
[17:12:57][ServerComm.py]Notification received from 'Client12' (packet_param1=1).
[17:12:57][Server.py]The notification received from 'Client12'.
[17:12:57][Server.py][FedAvg]: Client Client12, Accuracy is 0.7686567306518555, Loss: 0.9739571151448719.
[17:12:57][Server.py]The trained model received from 'Client10'.
[17:12:57][ClientComm.py][Client10]: Sending notification to the server (notify_evt=3).
[17:12:57][ServerComm.py]Sending data to 'Client1'(size of data = 3258517)
[17:12:57][Server.py][FedAvg]: Trained model received from 'Client10'.
Number of trained models: 2
[17:12:57][ClientComm.py][Client0]: Received data (payload_size=3258517).
[17:12:57][ServerComm.py]Notification received from 'Client10' (packet_param1=3).
[17:12:57][Client.py][Client10]: Training done (Epochs: 5).
[17:12:57][Client.py][Client0]: Event received(Event=131).
[17:12:57][Client.py][Client0]: New model received.
[17:12:57][ClientComm.py][Client13]: Sending notification to the server (notify_evt=1).
[17:12:57][ServerComm.py]Notification received from 'Client13' (packet_param1=1).
[17:12:57][ClientComm.py][Client13]: Sending data to the server (payload_size=3257725).
[17:12:57][Server.py]The notification received from 'Client13'.
[17:12:57][Server.py][FedAvg]: Client Client13, Accuracy is 0.73658686876297, Loss: 0.9996236974125596.
[17:12:57][ServerComm.py]Sending data to 'Client10'(size of data = 3258517)
[17:12:57][ClientComm.py][Client9]: Received data (payload_size=3258517).
[17:12:57][Client.py][Client9]: Event received(Event=131).
[17:12:57][ClientComm.py][Client15]: Sending notification to the server (notify_evt=1).
[17:12:57][Client.py][Client9]: New model received.
[17:12:57][ClientComm.py][Client15]: Sending data to the server (payload_size=3257725).
[17:12:57][ServerComm.py]Notification received from 'Client15' (packet_param1=1).
[17:12:57][Server.py]The notification received from 'Client15'.
[17:12:57][Server.py][FedAvg]: Client Client15, Accuracy is 0.6510111093521118, Loss: 1.1314473916562025.
[17:12:58][ClientComm.py][Client12]: Sending notification to the server (notify_evt=3).
[17:12:58][Server.py]The trained model received from 'Client12'.
[17:12:58][Client.py][Client12]: Training done (Epochs: 5).
[17:12:58][Server.py][FedAvg]: Trained model received from 'Client12'.
Number of trained models: 3
[17:12:58][ServerComm.py]Notification received from 'Client12' (packet_param1=3).
[17:12:58][ClientComm.py][Client14]: Sending notification to the server (notify_evt=1).
[17:12:58][ClientComm.py][Client14]: Sending data to the server (payload_size=3257725).
[17:12:58][ServerComm.py]Notification received from 'Client14' (packet_param1=1).
[17:12:58][Server.py]The notification received from 'Client14'.
[17:12:58][Server.py][FedAvg]: Client Client14, Accuracy is 0.6924596428871155, Loss: 1.0922025695300863.
[17:12:58][ClientComm.py][Client1]: Received data (payload_size=3258517).
[17:12:58][ServerComm.py]Sending data to 'Client2'(size of data = 3258517)
[17:12:58][Client.py][Client1]: Event received(Event=131).
[17:12:58][Client.py][Client1]: New model received.
[17:12:58][ClientComm.py][Client13]: Sending notification to the server (notify_evt=3).
[17:12:58][Server.py]The trained model received from 'Client13'.
[17:12:58][Server.py][FedAvg]: Trained model received from 'Client13'.
Number of trained models: 4
[17:12:58][Client.py][Client13]: Training done (Epochs: 5).
[17:12:58][ServerComm.py]Notification received from 'Client13' (packet_param1=3).
[17:12:58][ClientComm.py][Client15]: Sending notification to the server (notify_evt=3).
[17:12:58][Client.py][Client15]: Training done (Epochs: 5).
[17:12:58][Server.py]The trained model received from 'Client15'.
[17:12:58][Server.py][FedAvg]: Trained model received from 'Client15'.
Number of trained models: 5
[17:12:58][Server.py]Start to aggregate in a new thread.
[17:12:58][ServerComm.py]Sending data to 'Client11'(size of data = 3258517)
[17:12:58][ServerComm.py]Notification received from 'Client15' (packet_param1=3).
[17:12:58][ClientComm.py][Client10]: Received data (payload_size=3258517).
[17:12:58][Client.py][Client10]: Event received(Event=131).
[17:12:58][Client.py][Client10]: New model received.
[17:12:58][ClientComm.py][Client19]: Sending notification to the server (notify_evt=1).
[17:12:58][ServerComm.py]Notification received from 'Client19' (packet_param1=1).
[17:12:58][ClientComm.py][Client19]: Sending data to the server (payload_size=3257725).
[17:12:58][ServerComm.py]Sending data to 'Client0'(size of data = 3258517)
[17:12:58][Server.py]The notification received from 'Client19'.
[17:12:58][Server.py][FedAvg]: Client Client19, Accuracy is 0.6807653307914734, Loss: 1.1398308268726651.
[17:12:59][ClientComm.py][Client14]: Sending notification to the server (notify_evt=3).
[17:12:59][Server.py]The trained model received from 'Client14'.
[17:12:59][Server.py][FedAvg]: Trained model received from 'Client14'.
Number of trained models: 1
[17:12:59][ServerComm.py]Notification received from 'Client14' (packet_param1=3).
[17:12:59][Client.py][Client14]: Training done (Epochs: 5).
[17:12:59][ServerComm.py]Sending data to 'Client3'(size of data = 3258517)
[17:12:59][ClientComm.py][Client2]: Received data (payload_size=3258517).
[17:12:59][Client.py][Client2]: Event received(Event=131).
[17:12:59][Client.py][Client2]: New model received.
[17:12:59][ClientComm.py][Client16]: Sending notification to the server (notify_evt=1).
[17:12:59][ClientComm.py][Client16]: Sending data to the server (payload_size=3257725).
[17:12:59][ServerComm.py]Notification received from 'Client16' (packet_param1=1).
[17:12:59][Server.py]The notification received from 'Client16'.
[17:12:59][Server.py][FedAvg]: Client Client16, Accuracy is 0.7603129148483276, Loss: 1.0134204247937264.
[17:12:59][ClientComm.py][Client17]: Sending notification to the server (notify_evt=1).
[17:12:59][ClientComm.py][Client17]: Sending data to the server (payload_size=3257725).
[17:12:59][ServerComm.py]Notification received from 'Client17' (packet_param1=1).
[17:12:59][Server.py]The notification received from 'Client17'.
[17:12:59][Server.py][FedAvg]: Client Client17, Accuracy is 0.7015019059181213, Loss: 1.0244729794906884.
[17:12:59][ServerComm.py]Sending data to 'Client1'(size of data = 3258517)
[17:12:59][ClientComm.py][Client0]: Received data (payload_size=3258517).
[17:12:59][Client.py][Client0]: Event received(Event=131).
[17:12:59][ServerComm.py]Sending data to 'Client12'(size of data = 3258517)
[17:12:59][Client.py][Client0]: New model received.
[17:12:59][ClientComm.py][Client11]: Received data (payload_size=3258517).
[17:12:59][Client.py][Client11]: Event received(Event=131).
[17:12:59][Client.py][Client11]: New model received.
[17:12:59][ClientComm.py][Client19]: Sending notification to the server (notify_evt=3).
[17:12:59][Client.py][Client19]: Training done (Epochs: 5).
[17:13:00][Server.py]The trained model received from 'Client19'.
[17:13:00][Server.py][FedAvg]: Trained model received from 'Client19'.
Number of trained models: 2
[17:13:00][ServerComm.py]Notification received from 'Client19' (packet_param1=3).
[17:13:00][ServerComm.py]Sending data to 'Client4'(size of data = 3258517)
[17:13:00][ClientComm.py][Client3]: Received data (payload_size=3258517).
[17:13:00][Client.py][Client3]: Event received(Event=131).
[17:13:00][Client.py][Client3]: New model received.
[17:13:00][ClientComm.py][Client16]: Sending notification to the server (notify_evt=3).
[17:13:00][Client.py][Client16]: Training done (Epochs: 5).
[17:13:00][Server.py]The trained model received from 'Client16'.
[17:13:00][Server.py][FedAvg]: Trained model received from 'Client16'.
Number of trained models: 3
[17:13:00][ServerComm.py]Notification received from 'Client16' (packet_param1=3).
[17:13:00][ClientComm.py][Client18]: Sending notification to the server (notify_evt=1).
[17:13:00][ServerComm.py]Notification received from 'Client18' (packet_param1=1).
[17:13:00][Server.py]The notification received from 'Client18'.
[17:13:00][ClientComm.py][Client18]: Sending data to the server (payload_size=3257725).
[17:13:00][Server.py][FedAvg]: Client Client18, Accuracy is 0.6698861718177795, Loss: 1.0725641637968581.
[17:13:00][ClientComm.py][Client17]: Sending notification to the server (notify_evt=3).
[17:13:00][Client.py][Client17]: Training done (Epochs: 5).
[17:13:00][Server.py]The trained model received from 'Client17'.
[17:13:00][Server.py][FedAvg]: Trained model received from 'Client17'.
Number of trained models: 4
[17:13:00][ServerComm.py]Sending data to 'Client13'(size of data = 3258517)
[17:13:00][ServerComm.py]Notification received from 'Client17' (packet_param1=3).
[17:13:00][ClientComm.py][Client12]: Received data (payload_size=3258517).
[17:13:00][Client.py][Client12]: Event received(Event=131).
[17:13:00][Client.py][Client12]: New model received.
[17:13:00][ServerComm.py]Sending data to 'Client2'(size of data = 3258517)
[17:13:00][ClientComm.py][Client1]: Received data (payload_size=3258517).
[17:13:01][Client.py][Client1]: Event received(Event=131).
[17:13:01][Client.py][Client1]: New model received.
[17:13:01][ServerComm.py]Sending data to 'Client5'(size of data = 3258517)
[17:13:01][ClientComm.py][Client4]: Received data (payload_size=3258517).
[17:13:01][Client.py][Client4]: Event received(Event=131).
[17:13:01][Client.py][Client4]: New model received.
[17:13:01][ClientComm.py][Client18]: Sending notification to the server (notify_evt=3).
[17:13:01][Client.py][Client18]: Training done (Epochs: 5).
[17:13:01][Server.py]The trained model received from 'Client18'.
[17:13:01][ServerComm.py]Sending data to 'Client14'(size of data = 3258517)
[17:13:01][Server.py][FedAvg]: Trained model received from 'Client18'.
Number of trained models: 5
[17:13:01][ClientComm.py][Client13]: Received data (payload_size=3258517).
[17:13:01][Server.py]Start to aggregate in a new thread.
[17:13:01][Client.py][Client13]: Event received(Event=131).
[17:13:01][Client.py][Client13]: New model received.
[17:13:01][ServerComm.py]Notification received from 'Client18' (packet_param1=3).
[17:13:01][ServerComm.py]Sending data to 'Client0'(size of data = 3258517)
[17:13:01][ServerComm.py]Sending data to 'Client3'(size of data = 3258517)
[17:13:01][ClientComm.py][Client2]: Received data (payload_size=3258517).
[17:13:01][Client.py][Client2]: Event received(Event=131).
[17:13:01][Client.py][Client2]: New model received.
[17:13:01][ServerComm.py]Sending data to 'Client6'(size of data = 3258517)
[17:13:01][ClientComm.py][Client5]: Received data (payload_size=3258517).
[17:13:01][Client.py][Client5]: Event received(Event=131).
[17:13:01][Client.py][Client5]: New model received.
[17:13:02][ServerComm.py]Sending data to 'Client15'(size of data = 3258517)
[17:13:02][ClientComm.py][Client14]: Received data (payload_size=3258517).
[17:13:02][Client.py][Client14]: Event received(Event=131).
[17:13:02][Client.py][Client14]: New model received.
[17:13:02][ServerComm.py]Sending data to 'Client1'(size of data = 3258517)
[17:13:02][ClientComm.py][Client0]: Received data (payload_size=3258517).
[17:13:02][Client.py][Client0]: Event received(Event=131).
[17:13:02][Client.py][Client0]: New model received.
[17:13:02][ServerComm.py]Sending data to 'Client4'(size of data = 3258517)
[17:13:02][ClientComm.py][Client3]: Received data (payload_size=3258517).
[17:13:02][Client.py][Client3]: Event received(Event=131).
[17:13:02][Client.py][Client3]: New model received.
[17:13:02][ServerComm.py]Sending data to 'Client7'(size of data = 3258517)
[17:13:02][ClientComm.py][Client6]: Received data (payload_size=3258517).
[17:13:02][Client.py][Client6]: Event received(Event=131).
[17:13:02][Client.py][Client6]: New model received.
[17:13:03][ServerComm.py]Sending data to 'Client16'(size of data = 3258517)
[17:13:03][ClientComm.py][Client15]: Received data (payload_size=3258517).
[17:13:03][Client.py][Client15]: Event received(Event=131).
[17:13:03][Client.py][Client15]: New model received.
[17:13:03][ServerComm.py]Sending data to 'Client2'(size of data = 3258517)
[17:13:03][ClientComm.py][Client1]: Received data (payload_size=3258517).
[17:13:03][Client.py][Client1]: Event received(Event=131).
[17:13:03][Client.py][Client1]: New model received.
[17:13:03][ServerComm.py]Sending data to 'Client5'(size of data = 3258517)
[17:13:03][ClientComm.py][Client4]: Received data (payload_size=3258517).
[17:13:03][Client.py][Client4]: Event received(Event=131).
[17:13:03][Client.py][Client4]: New model received.
[17:13:04][ServerComm.py]Sending data to 'Client8'(size of data = 3258517)
[17:13:04][ClientComm.py][Client7]: Received data (payload_size=3258517).
[17:13:04][Client.py][Client7]: Event received(Event=131).
[17:13:04][Client.py][Client7]: New model received.
[17:13:04][ServerComm.py]Sending data to 'Client17'(size of data = 3258517)
[17:13:04][ClientComm.py][Client16]: Received data (payload_size=3258517).
[17:13:04][Client.py][Client16]: Event received(Event=131).
[17:13:04][Client.py][Client16]: New model received.
[17:13:04][ServerComm.py]Sending data to 'Client6'(size of data = 3258517)
[17:13:04][ClientComm.py][Client5]: Received data (payload_size=3258517).
[17:13:04][Client.py][Client5]: Event received(Event=131).
[17:13:04][Client.py][Client5]: New model received.
[17:13:04][ServerComm.py]Sending data to 'Client3'(size of data = 3258517)
[17:13:04][ClientComm.py][Client2]: Received data (payload_size=3258517).
[17:13:04][Client.py][Client2]: Event received(Event=131).
[17:13:04][Client.py][Client2]: New model received.
[17:13:04][ServerComm.py]Sending data to 'Client9'(size of data = 3258517)
[17:13:04][ClientComm.py][Client8]: Received data (payload_size=3258517).
[17:13:04][Client.py][Client8]: Event received(Event=131).
[17:13:04][Client.py][Client8]: New model received.
[17:13:04][ServerComm.py]Sending data to 'Client18'(size of data = 3258517)
[17:13:05][ClientComm.py][Client17]: Received data (payload_size=3258517).
[17:13:05][Client.py][Client17]: Event received(Event=131).
[17:13:05][Client.py][Client17]: New model received.
[17:13:05][ServerComm.py]Sending data to 'Client4'(size of data = 3258517)
[17:13:05][ClientComm.py][Client3]: Received data (payload_size=3258517).
[17:13:05][ServerComm.py]Sending data to 'Client7'(size of data = 3258517)
[17:13:05][Client.py][Client3]: Event received(Event=131).
[17:13:05][ClientComm.py][Client6]: Received data (payload_size=3258517).
[17:13:05][Client.py][Client3]: New model received.
[17:13:05][Client.py][Client6]: Event received(Event=131).
[17:13:05][Client.py][Client6]: New model received.
[17:13:05][ServerComm.py]Sending data to 'Client10'(size of data = 3258517)
[17:13:05][ClientComm.py][Client9]: Received data (payload_size=3258517).
[17:13:05][Client.py][Client9]: Event received(Event=131).
[17:13:05][Client.py][Client9]: New model received.
[17:13:05][ServerComm.py]Sending data to 'Client5'(size of data = 3258517)
[17:13:05][ClientComm.py][Client4]: Received data (payload_size=3258517).
[17:13:05][Client.py][Client4]: Event received(Event=131).
[17:13:05][Client.py][Client4]: New model received.
[17:13:05][ServerComm.py]Sending data to 'Client8'(size of data = 3258517)
[17:13:06][ClientComm.py][Client7]: Received data (payload_size=3258517).
[17:13:06][Client.py][Client7]: Event received(Event=131).
[17:13:06][ServerComm.py]Sending data to 'Client19'(size of data = 3258517)
[17:13:06][Client.py][Client7]: New model received.
[17:13:06][ClientComm.py][Client18]: Received data (payload_size=3258517).
[17:13:06][Client.py][Client18]: Event received(Event=131).
[17:13:06][Client.py][Client18]: New model received.
[17:13:06][ServerComm.py]Sending data to 'Client11'(size of data = 3258517)
[17:13:06][ServerComm.py]Sending data to 'Client6'(size of data = 3258517)
[17:13:06][ClientComm.py][Client5]: Received data (payload_size=3258517).
[17:13:06][Client.py][Client5]: Event received(Event=131).
[17:13:06][ClientComm.py][Client10]: Received data (payload_size=3258517).
[17:13:06][Client.py][Client5]: New model received.
[17:13:06][Client.py][Client10]: Event received(Event=131).
[17:13:06][Client.py][Client10]: New model received.
[17:13:06][ServerComm.py]Sending data to 'Client9'(size of data = 3258517)
[17:13:06][ClientComm.py][Client8]: Received data (payload_size=3258517).
[17:13:06][Client.py][Client8]: Event received(Event=131).
[17:13:06][Client.py][Client8]: New model received.
[17:13:07][Server.py][FedAvg]: The aggregation has been completed, and clients are now up to date.
===================================================
[17:13:07][Server.py]Global model evaluation is started...
[17:13:07][ClientComm.py][Client19]: Received data (payload_size=3258517).
[17:13:07][Client.py][Client19]: Event received(Event=131).
[17:13:07][Client.py][Client19]: New model received.
[17:13:07][ServerComm.py]Sending data to 'Client12'(size of data = 3258517)
[17:13:07][ClientComm.py][Client11]: Received data (payload_size=3258517).
[17:13:07][Client.py][Client11]: Event received(Event=131).
[17:13:07][Client.py][Client11]: New model received.
[17:13:07][ServerComm.py]Sending data to 'Client10'(size of data = 3258517)
[17:13:07][ClientComm.py][Client9]: Received data (payload_size=3258517).
[17:13:07][Client.py][Client9]: Event received(Event=131).
[17:13:07][Client.py][Client9]: New model received.
[17:13:07][ServerComm.py]Sending data to 'Client7'(size of data = 3258517)
[17:13:07][ClientComm.py][Client6]: Received data (payload_size=3258517).
[17:13:07][Client.py][Client6]: Event received(Event=131).
[17:13:07][Client.py][Client6]: New model received.
[17:13:08][ServerComm.py]Sending data to 'Client13'(size of data = 3258517)
[17:13:08][ClientComm.py][Client12]: Received data (payload_size=3258517).
[17:13:08][Client.py][Client12]: Event received(Event=131).
[17:13:08][Client.py][Client12]: New model received.
[17:13:08][ServerComm.py]Sending data to 'Client11'(size of data = 3258517)
[17:13:08][ClientComm.py][Client10]: Received data (payload_size=3258517).
[17:13:08][Client.py][Client10]: Event received(Event=131).
[17:13:08][Client.py][Client10]: New model received.
[17:13:08][ServerComm.py]Sending data to 'Client8'(size of data = 3258517)
[17:13:08][ClientComm.py][Client7]: Received data (payload_size=3258517).
[17:13:08][Client.py][Client7]: Event received(Event=131).
[17:13:08][Client.py][Client7]: New model received.
[17:13:08][ServerComm.py]Sending data to 'Client14'(size of data = 3258517)
[17:13:08][ClientComm.py][Client13]: Received data (payload_size=3258517).
[17:13:08][Client.py][Client13]: Event received(Event=131).
[17:13:08][Client.py][Client13]: New model received.
[17:13:09][ServerComm.py]Sending data to 'Client12'(size of data = 3258517)
[17:13:09][ClientComm.py][Client11]: Received data (payload_size=3258517).
[17:13:09][Client.py][Client11]: Event received(Event=131).
[17:13:09][Client.py][Client11]: New model received.
[17:13:09][ServerComm.py]Sending data to 'Client9'(size of data = 3258517)
[17:13:09][ClientComm.py][Client8]: Received data (payload_size=3258517).
[17:13:09][Client.py][Client8]: Event received(Event=131).
[17:13:09][Client.py][Client8]: New model received.
[17:13:09][ServerComm.py]Sending data to 'Client15'(size of data = 3258517)
[17:13:09][ClientComm.py][Client14]: Received data (payload_size=3258517).
[17:13:09][Client.py][Client14]: Event received(Event=131).
[17:13:09][Client.py][Client14]: New model received.
[17:13:09][ServerComm.py]Sending data to 'Client13'(size of data = 3258517)
[17:13:09][ServerComm.py]Sending data to 'Client10'(size of data = 3258517)
[17:13:09][ClientComm.py][Client12]: Received data (payload_size=3258517).
[17:13:09][ClientComm.py][Client9]: Received data (payload_size=3258517).
[17:13:09][Client.py][Client12]: Event received(Event=131).
[17:13:09][Client.py][Client12]: New model received.
[17:13:09][Client.py][Client9]: Event received(Event=131).
[17:13:09][Client.py][Client9]: New model received.
[17:13:09][ServerComm.py]Sending data to 'Client16'(size of data = 3258517)
[17:13:09][ClientComm.py][Client15]: Received data (payload_size=3258517).
[17:13:09][Client.py][Client15]: Event received(Event=131).
[17:13:09][Client.py][Client15]: New model received.
[17:13:10][ServerComm.py]Sending data to 'Client14'(size of data = 3258517)
[17:13:10][ClientComm.py][Client13]: Received data (payload_size=3258517).
[17:13:10][Client.py][Client13]: Event received(Event=131).
[17:13:10][Client.py][Client13]: New model received.
[17:13:10][ServerComm.py]Sending data to 'Client11'(size of data = 3258517)
[17:13:10][ClientComm.py][Client10]: Received data (payload_size=3258517).
[17:13:10][Client.py][Client10]: Event received(Event=131).
[17:13:10][Client.py][Client10]: New model received.
[17:13:10][ServerComm.py]Sending data to 'Client17'(size of data = 3258517)
[17:13:10][ClientComm.py][Client16]: Received data (payload_size=3258517).
[17:13:10][Client.py][Client16]: Event received(Event=131).
[17:13:10][Client.py][Client16]: New model received.
[17:13:10][ClientComm.py][Client14]: Received data (payload_size=3258517).
[17:13:10][ServerComm.py]Sending data to 'Client15'(size of data = 3258517)
[17:13:10][Client.py][Client14]: Event received(Event=131).
[17:13:10][Client.py][Client14]: New model received.
[17:13:10][Server.py]Global model evaluation is done...
Round 1 is starting...
Current situation:
	Accuracy: 0.3894999921321869, Loss: 2.29165760307312
[17:13:10][Server.py]Start new round (epochs=5, lr_mileston=[100, 200], gamma=0.0001)
[17:13:10][ServerComm.py]Sending command to 'Client0'(command=2, size of data = 3)
[17:13:10][ServerComm.py]Sending command to 'Client1'(command=2, size of data = 3)
[17:13:10][ClientComm.py][Client0]: Received a command (param1=2).
[17:13:10][ClientComm.py][Client1]: Received a command (param1=2).
[17:13:10][Client.py][Client0]: Event received(Event=128).
[17:13:10][ServerComm.py]Sending command to 'Client2'(command=2, size of data = 3)
[17:13:10][Client.py][Client0]: Training is starting...
[17:13:10][ServerComm.py]Sending command to 'Client3'(command=2, size of data = 3)
[17:13:10][Client.py][Client1]: Event received(Event=128).
[17:13:10][ClientComm.py][Client2]: Received a command (param1=2).
[17:13:10][ServerComm.py]Sending command to 'Client4'(command=2, size of data = 3)
[17:13:10][ClientComm.py][Client3]: Received a command (param1=2).
[17:13:10][Client.py][Client2]: Event received(Event=128).
[17:13:11][Client.py][Client3]: Event received(Event=128).
[17:13:11][ClientComm.py][Client4]: Received a command (param1=2).
[17:13:11][ServerComm.py]Sending command to 'Client5'(command=2, size of data = 3)
[17:13:10][Client.py][Client1]: Training is starting...
[17:13:11][Client.py][Client2]: Training is starting...
[17:13:11][Client.py][Client4]: Event received(Event=128).
[17:13:11][Client.py][Client4]: Training is starting...
[17:13:11][ClientComm.py][Client5]: Received a command (param1=2).
[17:13:11][Client.py][Client3]: Training is starting...
[17:13:11][Client.py][Client5]: Event received(Event=128).
[17:13:11][ServerComm.py]Sending command to 'Client6'(command=2, size of data = 3)
[17:13:11][Client.py][Client5]: Training is starting...
[17:13:11][ServerComm.py]Sending command to 'Client7'(command=2, size of data = 3)
[17:13:11][ClientComm.py][Client6]: Received a command (param1=2).
[17:13:11][ClientComm.py][Client7]: Received a command (param1=2).
[17:13:11][ServerComm.py]Sending command to 'Client8'(command=2, size of data = 3)
[17:13:11][Client.py][Client6]: Event received(Event=128).
[17:13:11][Client.py][Client7]: Event received(Event=128).
[17:13:11][ClientComm.py][Client8]: Received a command (param1=2).
[17:13:11][Client.py][Client6]: Training is starting...
[17:13:11][ServerComm.py]Sending command to 'Client9'(command=2, size of data = 3)
[17:13:11][Client.py][Client7]: Training is starting...
[17:13:11][Client.py][Client8]: Event received(Event=128).
[17:13:11][ClientComm.py][Client9]: Received a command (param1=2).
[17:13:11][ServerComm.py]Sending command to 'Client10'(command=2, size of data = 3)
[17:13:11][ServerComm.py]Sending command to 'Client11'(command=2, size of data = 3)
[17:13:11][Client.py][Client8]: Training is starting...
[17:13:11][ClientComm.py][Client10]: Received a command (param1=2).
[17:13:11][Client.py][Client9]: Event received(Event=128).
[17:13:11][ClientComm.py][Client11]: Received a command (param1=2).
[17:13:11][Client.py][Client9]: Training is starting...
[17:13:11][ServerComm.py]Sending command to 'Client12'(command=2, size of data = 3)
[17:13:11][Client.py][Client10]: Event received(Event=128).
[17:13:11][Client.py][Client11]: Event received(Event=128).
[17:13:11][Client.py][Client10]: Training is starting...
[17:13:11][Client.py][Client11]: Training is starting...
[17:13:11][ClientComm.py][Client12]: Received a command (param1=2).
[17:13:11][ServerComm.py]Sending command to 'Client13'(command=2, size of data = 3)
[17:13:11][Client.py][Client12]: Event received(Event=128).
[17:13:11][Client.py][Client12]: Training is starting...
[17:13:11][ServerComm.py]Sending command to 'Client14'(command=2, size of data = 3)
[17:13:11][ClientComm.py][Client13]: Received a command (param1=2).
[17:13:11][ClientComm.py][Client14]: Received a command (param1=2).
[17:13:11][ServerComm.py]Sending command to 'Client15'(command=2, size of data = 3)
[17:13:12][Client.py][Client14]: Event received(Event=128).
[17:13:12][Client.py][Client13]: Event received(Event=128).
[17:13:12][ClientComm.py][Client15]: Received a command (param1=2).
[17:13:12][ServerComm.py]Sending command to 'Client16'(command=2, size of data = 3)
[17:13:12][Client.py][Client13]: Training is starting...
[17:13:12][Client.py][Client14]: Training is starting...
[17:13:12][Client.py][Client15]: Event received(Event=128).
[17:13:12][ServerComm.py]Sending command to 'Client17'(command=2, size of data = 3)
[17:13:12][ClientComm.py][Client16]: Received a command (param1=2).
[17:13:12][Client.py][Client15]: Training is starting...
[17:13:12][Client.py][Client16]: Event received(Event=128).
[17:13:12][ClientComm.py][Client17]: Received a command (param1=2).
[17:13:12][ServerComm.py]Sending command to 'Client18'(command=2, size of data = 3)
[17:13:12][Client.py][Client16]: Training is starting...
[17:13:12][ServerComm.py]Sending command to 'Client19'(command=2, size of data = 3)
[17:13:12][Client.py][Client17]: Event received(Event=128).
[17:13:12][ClientComm.py][Client18]: Received a command (param1=2).
[17:13:12][ClientComm.py][Client19]: Received a command (param1=2).
[17:13:12][Server.py][FedAvg]: Evaluation -> Accuracy: 0.3894999921321869 , Loss: 2.29165760307312
[17:13:12][Client.py][Client17]: Training is starting...
[17:13:12][Client.py][Client18]: Event received(Event=128).
[17:13:12][Client.py][Client19]: Event received(Event=128).
[17:13:12][Client.py][Client18]: Training is starting...
[17:13:12][Client.py][Client19]: Training is starting...
[17:13:12][ServerComm.py]Sending data to 'Client12'(size of data = 3258517)
[17:13:12][ServerComm.py]Sending data to 'Client18'(size of data = 3258517)
[17:13:12][ServerComm.py]Sending data to 'Client16'(size of data = 3258517)
[17:13:12][ServerComm.py]Sending data to 'Client13'(size of data = 3258517)
[17:13:12][ServerComm.py]Sending data to 'Client14'(size of data = 3258517)
[17:13:13][ServerComm.py]Sending data to 'Client15'(size of data = 3258517)
[17:13:13][ServerComm.py]Sending data to 'Client16'(size of data = 3258517)
[17:13:14][ClientComm.py][Client2]: Sending notification to the server (notify_evt=1).
[17:13:14][ServerComm.py]Notification received from 'Client2' (packet_param1=1).
[17:13:14][Server.py]The notification received from 'Client2'.
[17:13:14][Server.py][FedAvg]: Client Client2, Accuracy is 0.48201438784599304, Loss: 2.2432472870504254.
[17:13:14][ClientComm.py][Client0]: Sending notification to the server (notify_evt=1).
[17:13:14][ServerComm.py]Notification received from 'Client0' (packet_param1=1).
[17:13:14][Server.py]The notification received from 'Client0'.
[17:13:14][Server.py][FedAvg]: Client Client0, Accuracy is 0.4616793990135193, Loss: 2.2305034882057715.
[17:13:14][ClientComm.py][Client1]: Sending notification to the server (notify_evt=1).
[17:13:14][ServerComm.py]Notification received from 'Client1' (packet_param1=1).
[17:13:14][Server.py]The notification received from 'Client1'.
[17:13:14][Server.py][FedAvg]: Client Client1, Accuracy is 0.4350380003452301, Loss: 2.249447861455932.
[17:13:15][ClientComm.py][Client3]: Sending notification to the server (notify_evt=1).
[17:13:15][ServerComm.py]Notification received from 'Client3' (packet_param1=1).
[17:13:15][Server.py]The notification received from 'Client3'.
[17:13:15][Server.py][FedAvg]: Client Client3, Accuracy is 0.4630681872367859, Loss: 2.2458177588202735.
[17:13:16][ClientComm.py][Client4]: Sending notification to the server (notify_evt=1).
[17:13:16][ServerComm.py]Notification received from 'Client4' (packet_param1=1).
[17:13:16][Server.py]The notification received from 'Client4'.
[17:13:16][Server.py][FedAvg]: Client Client4, Accuracy is 0.4271082282066345, Loss: 2.2517963946984874.
[17:13:16][ClientComm.py][Client5]: Sending notification to the server (notify_evt=1).
[17:13:16][ServerComm.py]Notification received from 'Client5' (packet_param1=1).
[17:13:16][Server.py]The notification received from 'Client5'.
[17:13:16][Server.py][FedAvg]: Client Client5, Accuracy is 0.46791526675224304, Loss: 2.222595963113543.
[17:13:17][ClientComm.py][Client6]: Sending notification to the server (notify_evt=1).
[17:13:17][ServerComm.py]Notification received from 'Client6' (packet_param1=1).
[17:13:17][Server.py]The notification received from 'Client6'.
[17:13:17][Server.py][FedAvg]: Client Client6, Accuracy is 0.48012775182724, Loss: 2.2297597736902826.
[17:13:17][ClientComm.py][Client7]: Sending notification to the server (notify_evt=1).
[17:13:17][ServerComm.py]Notification received from 'Client7' (packet_param1=1).
[17:13:17][Server.py]The notification received from 'Client7'.
[17:13:18][Server.py][FedAvg]: Client Client7, Accuracy is 0.44273871183395386, Loss: 2.2352388506840444.
[17:13:18][ClientComm.py][Client9]: Sending notification to the server (notify_evt=1).
[17:13:18][ServerComm.py]Notification received from 'Client9' (packet_param1=1).
[17:13:18][Server.py]The notification received from 'Client9'.
[17:13:18][Server.py][FedAvg]: Client Client9, Accuracy is 0.457446813583374, Loss: 2.233922743000158.
[17:13:19][ClientComm.py][Client8]: Sending notification to the server (notify_evt=1).
[17:13:19][ServerComm.py]Notification received from 'Client8' (packet_param1=1).
[17:13:19][Server.py]The notification received from 'Client8'.
[17:13:19][Server.py][FedAvg]: Client Client8, Accuracy is 0.4752383828163147, Loss: 2.2197069221186805.
[17:13:19][ClientComm.py][Client11]: Sending notification to the server (notify_evt=1).
[17:13:19][ServerComm.py]Notification received from 'Client11' (packet_param1=1).
[17:13:19][Server.py]The notification received from 'Client11'.
[17:13:19][Server.py][FedAvg]: Client Client11, Accuracy is 0.48732680082321167, Loss: 2.243611598184037.
[17:13:19][ClientComm.py][Client10]: Sending notification to the server (notify_evt=1).
[17:13:19][ServerComm.py]Notification received from 'Client10' (packet_param1=1).
[17:13:19][Server.py]The notification received from 'Client10'.
[17:13:19][Server.py][FedAvg]: Client Client10, Accuracy is 0.4384070336818695, Loss: 2.245469575551085.
[17:13:20][ClientComm.py][Client12]: Sending notification to the server (notify_evt=1).
[17:13:20][ServerComm.py]Notification received from 'Client12' (packet_param1=1).
[17:13:20][Server.py]The notification received from 'Client12'.
[17:13:20][Server.py][FedAvg]: Client Client12, Accuracy is 0.4828979969024658, Loss: 2.2307165914507054.
[17:13:20][ClientComm.py][Client13]: Sending notification to the server (notify_evt=1).
[17:13:20][ServerComm.py]Notification received from 'Client13' (packet_param1=1).
[17:13:20][Server.py]The notification received from 'Client13'.
[17:13:20][Server.py][FedAvg]: Client Client13, Accuracy is 0.4734767973423004, Loss: 2.223007948769335.
[17:13:21][ClientComm.py][Client14]: Sending notification to the server (notify_evt=1).
[17:13:21][ServerComm.py]Notification received from 'Client14' (packet_param1=1).
[17:13:21][Server.py]The notification received from 'Client14'.
[17:13:21][Server.py][FedAvg]: Client Client14, Accuracy is 0.4853473901748657, Loss: 2.2212715765187174.
[17:13:21][ClientComm.py][Client15]: Sending notification to the server (notify_evt=1).
[17:13:21][ServerComm.py]Notification received from 'Client15' (packet_param1=1).
[17:13:21][Server.py]The notification received from 'Client15'.
[17:13:21][Server.py][FedAvg]: Client Client15, Accuracy is 0.47586432099342346, Loss: 2.2334396846918056.
[17:13:22][ClientComm.py][Client16]: Sending notification to the server (notify_evt=1).
[17:13:22][ServerComm.py]Notification received from 'Client16' (packet_param1=1).
[17:13:22][Server.py]The notification received from 'Client16'.
[17:13:22][Server.py][FedAvg]: Client Client16, Accuracy is 0.48968705534935, Loss: 2.2314628567838057.
[17:13:22][ClientComm.py][Client18]: Sending notification to the server (notify_evt=1).
[17:13:22][ServerComm.py]Notification received from 'Client18' (packet_param1=1).
[17:13:22][Server.py]The notification received from 'Client18'.
[17:13:22][Server.py][FedAvg]: Client Client18, Accuracy is 0.49396345019340515, Loss: 2.241347547480467.
[17:13:23][ClientComm.py][Client17]: Sending notification to the server (notify_evt=1).
[17:13:23][ServerComm.py]Notification received from 'Client17' (packet_param1=1).
[17:13:23][Server.py]The notification received from 'Client17'.
[17:13:23][Server.py][FedAvg]: Client Client17, Accuracy is 0.4586983621120453, Loss: 2.2612312523384714.
[17:13:23][ClientComm.py][Client19]: Sending notification to the server (notify_evt=1).
[17:13:23][ServerComm.py]Notification received from 'Client19' (packet_param1=1).
[17:13:23][Server.py]The notification received from 'Client19'.
[17:13:23][Server.py][FedAvg]: Client Client19, Accuracy is 0.5100705027580261, Loss: 2.257867944924853.
[17:13:23][ClientComm.py][Client2]: Sending notification to the server (notify_evt=1).
[17:13:23][ServerComm.py]Notification received from 'Client2' (packet_param1=1).
[17:13:23][Server.py]The notification received from 'Client2'.
[17:13:23][Server.py][FedAvg]: Client Client2, Accuracy is 0.4568345248699188, Loss: 1.9323923033776043.
[17:13:24][ClientComm.py][Client0]: Sending notification to the server (notify_evt=1).
[17:13:24][ServerComm.py]Notification received from 'Client0' (packet_param1=1).
[17:13:25][Server.py]The notification received from 'Client0'.
[17:13:25][Server.py][FedAvg]: Client Client0, Accuracy is 0.4598473310470581, Loss: 1.867113242840949.
[17:13:25][ClientComm.py][Client1]: Sending notification to the server (notify_evt=1).
[17:13:25][ServerComm.py]Notification received from 'Client1' (packet_param1=1).
[17:13:25][Server.py]The notification received from 'Client1'.
[17:13:25][Server.py][FedAvg]: Client Client1, Accuracy is 0.4536972939968109, Loss: 1.9489891414569835.
[17:13:25][ClientComm.py][Client3]: Sending notification to the server (notify_evt=1).
[17:13:25][ServerComm.py]Notification received from 'Client3' (packet_param1=1).
[17:13:25][Server.py]The notification received from 'Client3'.
[17:13:25][Server.py][FedAvg]: Client Client3, Accuracy is 0.4630681872367859, Loss: 1.923260509967804.
[17:13:26][ClientComm.py][Client4]: Sending notification to the server (notify_evt=1).
[17:13:26][ServerComm.py]Notification received from 'Client4' (packet_param1=1).
[17:13:26][Server.py]The notification received from 'Client4'.
[17:13:26][Server.py][FedAvg]: Client Client4, Accuracy is 0.4609081745147705, Loss: 1.9520286475891706.
[17:13:26][ClientComm.py][Client5]: Sending notification to the server (notify_evt=1).
[17:13:26][ServerComm.py]Notification received from 'Client5' (packet_param1=1).
[17:13:26][Server.py]The notification received from 'Client5'.
[17:13:26][Server.py][FedAvg]: Client Client5, Accuracy is 0.45532697439193726, Loss: 1.895456366865482.
[17:13:27][ClientComm.py][Client6]: Sending notification to the server (notify_evt=1).
[17:13:27][ServerComm.py]Notification received from 'Client6' (packet_param1=1).
[17:13:27][Server.py]The notification received from 'Client6'.
[17:13:27][Server.py][FedAvg]: Client Client6, Accuracy is 0.4567068815231323, Loss: 1.8970848163702203.
[17:13:27][ClientComm.py][Client7]: Sending notification to the server (notify_evt=1).
[17:13:27][ServerComm.py]Notification received from 'Client7' (packet_param1=1).
[17:13:27][Server.py]The notification received from 'Client7'.
[17:13:27][Server.py][FedAvg]: Client Client7, Accuracy is 0.4587043225765228, Loss: 1.8962113942549497.
[17:13:28][ClientComm.py][Client9]: Sending notification to the server (notify_evt=1).
[17:13:28][ServerComm.py]Notification received from 'Client9' (packet_param1=1).
[17:13:28][Server.py]The notification received from 'Client9'.
[17:13:28][Server.py][FedAvg]: Client Client9, Accuracy is 0.457446813583374, Loss: 1.907154493056532.
[17:13:28][ClientComm.py][Client8]: Sending notification to the server (notify_evt=1).
[17:13:28][ServerComm.py]Notification received from 'Client8' (packet_param1=1).
[17:13:28][Server.py]The notification received from 'Client8'.
[17:13:28][Server.py][FedAvg]: Client Client8, Accuracy is 0.4601660966873169, Loss: 1.862241223165711.
[17:13:29][ClientComm.py][Client11]: Sending notification to the server (notify_evt=1).
[17:13:29][ServerComm.py]Notification received from 'Client11' (packet_param1=1).
[17:13:29][Server.py]The notification received from 'Client11'.
[17:13:29][Server.py][FedAvg]: Client Client11, Accuracy is 0.45826292037963867, Loss: 1.9128568997532986.
[17:13:29][ClientComm.py][Client10]: Sending notification to the server (notify_evt=1).
[17:13:29][ServerComm.py]Notification received from 'Client10' (packet_param1=1).
[17:13:29][Server.py]The notification received from 'Client10'.
[17:13:29][Server.py][FedAvg]: Client Client10, Accuracy is 0.454606831073761, Loss: 1.9447145822118193.
[17:13:30][ClientComm.py][Client12]: Sending notification to the server (notify_evt=1).
[17:13:30][ServerComm.py]Notification received from 'Client12' (packet_param1=1).
[17:13:30][Server.py]The notification received from 'Client12'.
[17:13:30][Server.py][FedAvg]: Client Client12, Accuracy is 0.4564676582813263, Loss: 1.8783916958528966.
[17:13:30][ClientComm.py][Client13]: Sending notification to the server (notify_evt=1).
[17:13:30][ServerComm.py]Notification received from 'Client13' (packet_param1=1).
[17:13:30][Server.py]The notification received from 'Client13'.
[17:13:30][Server.py][FedAvg]: Client Client13, Accuracy is 0.4555926024913788, Loss: 1.8881645878722142.
[17:13:31][ClientComm.py][Client14]: Sending notification to the server (notify_evt=1).
[17:13:31][ServerComm.py]Notification received from 'Client14' (packet_param1=1).
[17:13:31][Server.py]The notification received from 'Client14'.
[17:13:31][Server.py][FedAvg]: Client Client14, Accuracy is 0.4599934220314026, Loss: 1.9029620262129667.
[17:13:31][ClientComm.py][Client15]: Sending notification to the server (notify_evt=1).
[17:13:31][ServerComm.py]Notification received from 'Client15' (packet_param1=1).
[17:13:31][Server.py]The notification received from 'Client15'.
[17:13:31][Server.py][FedAvg]: Client Client15, Accuracy is 0.45107632875442505, Loss: 1.9338591570023689.
[17:13:32][ClientComm.py][Client16]: Sending notification to the server (notify_evt=1).
[17:13:32][ServerComm.py]Notification received from 'Client16' (packet_param1=1).
[17:13:32][Server.py]The notification received from 'Client16'.
[17:13:32][Server.py][FedAvg]: Client Client16, Accuracy is 0.46088194847106934, Loss: 1.8996347770582391.
[17:13:32][ClientComm.py][Client18]: Sending notification to the server (notify_evt=1).
[17:13:32][ServerComm.py]Notification received from 'Client18' (packet_param1=1).
[17:13:32][Server.py]The notification received from 'Client18'.
[17:13:33][Server.py][FedAvg]: Client Client18, Accuracy is 0.45843395590782166, Loss: 1.9324608207283533.
[17:13:33][ClientComm.py][Client17]: Sending notification to the server (notify_evt=1).
[17:13:33][ServerComm.py]Notification received from 'Client17' (packet_param1=1).
[17:13:33][Server.py]The notification received from 'Client17'.
[17:13:33][Server.py][FedAvg]: Client Client17, Accuracy is 0.2828535735607147, Loss: 2.076821979802004.
[17:13:33][ClientComm.py][Client19]: Sending notification to the server (notify_evt=1).
[17:13:33][ServerComm.py]Notification received from 'Client19' (packet_param1=1).
[17:13:33][Server.py]The notification received from 'Client19'.

